<?xml version="1.0" encoding="UTF-8"?>
<testsuites name="TS1" time="859" tests="2" failures="2" errors="0">
   <testsuite name="TS1" tests="2" failures="2" errors="0" time="859" timestamp="2018-08-22 16:07:33" hostname="Trang Nguyen - DESKTOP-G1UHP65" id="Test Suites/TS1">
      <properties>
         <property name="deviceName" value=""/>
         <property name="devicePlatform" value=""/>
         <property name="logFolder" value="E:\\BeautytapAutomation\\beautytapAuto\\Beautytap\\Reports\\TS1\\20180822_160731"/>
         <property name="logFiles" value="E:\\BeautytapAutomation\\beautytapAuto\\Beautytap\\Reports\\TS1\\20180822_160731\\execution0.log"/>
         <property name="attachments" value="E:\\BeautytapAutomation\\beautytapAuto\\Beautytap\\Reports\\TS1\\20180822_160731\\1534928989254.png, E:\\BeautytapAutomation\\beautytapAuto\\Beautytap\\Reports\\TS1\\20180822_160731\\1534929040133.png, E:\\BeautytapAutomation\\beautytapAuto\\Beautytap\\Reports\\TS1\\20180822_160731\\1534929040432.png, E:\\BeautytapAutomation\\beautytapAuto\\Beautytap\\Reports\\TS1\\20180822_160731\\1534929154615.png, E:\\BeautytapAutomation\\beautytapAuto\\Beautytap\\Reports\\TS1\\20180822_160731\\1534929154943.png, E:\\BeautytapAutomation\\beautytapAuto\\Beautytap\\Reports\\TS1\\20180822_160731\\1534929330890.png, E:\\BeautytapAutomation\\beautytapAuto\\Beautytap\\Reports\\TS1\\20180822_160731\\1534929331170.png, E:\\BeautytapAutomation\\beautytapAuto\\Beautytap\\Reports\\TS1\\20180822_160731\\1534929419312.png, E:\\BeautytapAutomation\\beautytapAuto\\Beautytap\\Reports\\TS1\\20180822_160731\\1534929460626.png, E:\\BeautytapAutomation\\beautytapAuto\\Beautytap\\Reports\\TS1\\20180822_160731\\1534929605874.png, E:\\BeautytapAutomation\\beautytapAuto\\Beautytap\\Reports\\TS1\\20180822_160731\\1534929711480.png"/>
         <property name="hostName" value="Trang Nguyen - DESKTOP-G1UHP65"/>
         <property name="os" value="Windows 10 64bit"/>
         <property name="katalonVersion" value="5.5.0.1"/>
         <property name="browser" value="Chrome 68.0.3440.106"/>
         <property name="hostAddress" value="10.0.0.151"/>
         <property name="sessionId" value="4c896e20ceafc3b08d971ed5184c661e"/>
         <property name="seleniumVersion" value="3.7.1"/>
         <property name="proxyInformation" value="ProxyInformation{proxyOption=NO_PROXY, proxyServerType=HTTP, password=, proxyServerAddress=, proxyServerPort=0}"/>
         <property name="platform" value="Windows 10"/>
      </properties>
      <testcase name="Test Cases/SignUp_Login_ResetPass/TC01_SignUp_Login_ResetPassword_Via_Email" classname="Test Cases/SignUp_Login_ResetPass/TC01_SignUp_Login_ResetPassword_Via_Email" status="FAILED">
         <failure type="FAILED" message="Unable to click on object '' (Root cause: org.openqa.selenium.StaleElementReferenceException: stale element reference: element is not attached to the page document
  (Session info: chrome=68.0.3440.106)
  (Driver info: chromedriver=2.35.528161 (5b82f2d2aae0ca24b877009200ced9065a772e73),platform=Windows NT 10.0.17134 x86_64) (WARNING: The server did not provide any stacktrace information)
Command duration or timeout: 0 milliseconds
For documentation on this error, please visit: http://seleniumhq.org/exceptions/stale_element_reference.html
Build info: version: '3.7.1', revision: '8a0099a', time: '2017-11-06T21:07:36.161Z'
System info: host: 'DESKTOP-G1UHP65', ip: '10.0.0.151', os.name: 'Windows 10', os.arch: 'amd64', os.version: '10.0', java.version: '1.8.0_102'
Driver info: com.kms.katalon.selenium.driver.CChromeDriver
Capabilities {acceptInsecureCerts: false, acceptSslCerts: false, applicationCacheEnabled: false, browserConnectionEnabled: false, browserName: chrome, chrome: {chromedriverVersion: 2.35.528161 (5b82f2d2aae0ca..., userDataDir: C:\Users\TRANGN~1\AppData\L...}, cssSelectorsEnabled: true, databaseEnabled: false, handlesAlerts: true, hasTouchScreen: false, javascriptEnabled: true, locationContextEnabled: true, mobileEmulationEnabled: false, nativeEvents: true, networkConnectionEnabled: false, pageLoadStrategy: normal, platform: XP, platformName: XP, rotatable: false, setWindowRect: true, takesHeapSnapshot: true, takesScreenshot: true, unexpectedAlertBehaviour: , unhandledPromptBehavior: , version: 68.0.3440.106, webStorageEnabled: true}
Session ID: 1e00079db9e0c32248495df10a95f1b4)"/>
         <system-out><![CDATA[2018-08-22 16:07:34 - [TEST_CASE][FAILED] - Test Cases/SignUp_Login_ResetPass/TC01_SignUp_Login_ResetPassword_Via_Email: Test Cases/SignUp_Login_ResetPass/TC01_SignUp_Login_ResetPassword_Via_Email FAILED because (of) Unable to click on object '' (Root cause: org.openqa.selenium.StaleElementReferenceException: stale element reference: element is not attached to the page document
  (Session info: chrome=68.0.3440.106)
  (Driver info: chromedriver=2.35.528161 (5b82f2d2aae0ca24b877009200ced9065a772e73),platform=Windows NT 10.0.17134 x86_64) (WARNING: The server did not provide any stacktrace information)
Command duration or timeout: 0 milliseconds
For documentation on this error, please visit: http://seleniumhq.org/exceptions/stale_element_reference.html
Build info: version: '3.7.1', revision: '8a0099a', time: '2017-11-06T21:07:36.161Z'
System info: host: 'DESKTOP-G1UHP65', ip: '10.0.0.151', os.name: 'Windows 10', os.arch: 'amd64', os.version: '10.0', java.version: '1.8.0_102'
Driver info: com.kms.katalon.selenium.driver.CChromeDriver
Capabilities {acceptInsecureCerts: false, acceptSslCerts: false, applicationCacheEnabled: false, browserConnectionEnabled: false, browserName: chrome, chrome: {chromedriverVersion: 2.35.528161 (5b82f2d2aae0ca..., userDataDir: C:\Users\TRANGN~1\AppData\L...}, cssSelectorsEnabled: true, databaseEnabled: false, handlesAlerts: true, hasTouchScreen: false, javascriptEnabled: true, locationContextEnabled: true, mobileEmulationEnabled: false, nativeEvents: true, networkConnectionEnabled: false, pageLoadStrategy: normal, platform: XP, platformName: XP, rotatable: false, setWindowRect: true, takesHeapSnapshot: true, takesScreenshot: true, unexpectedAlertBehaviour: , unhandledPromptBehavior: , version: 68.0.3440.106, webStorageEnabled: true}
Session ID: 1e00079db9e0c32248495df10a95f1b4)

2018-08-22 16:07:35 - [TEST_STEP][PASSED] - Statement - r_string = new java.lang.Math().random().toString().substring(2, 8): null

2018-08-22 16:07:35 - [TEST_STEP][PASSED] - Statement - username = "auto" + r_string: null

2018-08-22 16:07:35 - [TEST_STEP][PASSED] - Statement - email = username + "@mailinator.com": null

2018-08-22 16:07:35 - [TEST_STEP][PASSED] - Statement - password = "123456": null

2018-08-22 16:07:35 - [TEST_STEP][PASSED] - Statement - newpassword = "test123": null

2018-08-22 16:07:35 - [TEST_STEP][PASSED] - Statement - name = "Auto User " + r_string: null

2018-08-22 16:07:35 - [TEST_STEP][PASSED] - Statement - birthday = "01/01/1990": null

2018-08-22 16:07:35 - [TEST_STEP][PASSED] - Statement - activation_subject = SITE_TITLE + " Activate your account": null

2018-08-22 16:07:35 - [TEST_STEP][PASSED] - Statement - resetpass_subject = SITE_TITLE + " Password Reset": null

2018-08-22 16:07:35 - [TEST_STEP][PASSED] - beautytap.GeneralAction.openBeautytap: beautytap.GeneralAction.openBeautytap is PASSED

2018-08-22 16:07:52 - [MESSAGE][PASSED] - Browser is opened with url: 'https://staging.beautytap.com'

2018-08-22 16:07:54 - [MESSAGE][PASSED] - Current window maximized

2018-08-22 16:08:04 - [MESSAGE][PASSED] - Refresh successfully

2018-08-22 16:08:04 - [MESSAGE][PASSED] - Wait for page load successfully

2018-08-22 16:08:04 - [MESSAGE][PASSED] - beautytap.GeneralAction.openBeautytap is PASSED

2018-08-22 16:08:04 - [TEST_STEP][PASSED] - beautytap.GeneralAction.clickNavigationMenu: beautytap.GeneralAction.clickNavigationMenu is PASSED

2018-08-22 16:08:09 - [MESSAGE][PASSED] - Object: 'Object Repository/Page_General/link_signup' is clicked on

2018-08-22 16:08:09 - [MESSAGE][PASSED] - Wait for page load successfully

2018-08-22 16:08:09 - [MESSAGE][PASSED] - beautytap.GeneralAction.clickNavigationMenu is PASSED

2018-08-22 16:08:09 - [TEST_STEP][PASSED] - beautytap.GeneralAction.signup: beautytap.GeneralAction.signup is PASSED

2018-08-22 16:08:10 - [MESSAGE][PASSED] - Keys 'auto362065' sent to object: 'Object Repository/Page_Signup/txt_username'

2018-08-22 16:08:10 - [MESSAGE][PASSED] - Keys 'auto362065@mailinator.com' sent to object: 'Object Repository/Page_Signup/txt_email'

2018-08-22 16:08:10 - [MESSAGE][PASSED] - Keys '123456' sent to object: 'Object Repository/Page_Signup/txt_password'

2018-08-22 16:08:11 - [MESSAGE][PASSED] - Keys 'Auto User 362065' sent to object: 'Object Repository/Page_Signup/txt_name'

2018-08-22 16:08:11 - [MESSAGE][PASSED] - Keys '01/01/1990' sent to object: 'Object Repository/Page_Signup/txt_birthday'

2018-08-22 16:08:11 - [MESSAGE][PASSED] - Object: 'Object Repository/Page_Signup/btn_signup' is clicked on

2018-08-22 16:08:11 - [MESSAGE][PASSED] - Wait for page load successfully

2018-08-22 16:08:11 - [MESSAGE][PASSED] - beautytap.GeneralAction.signup is PASSED

2018-08-22 16:08:11 - [TEST_STEP][PASSED] - verifyElementPresent: Object 'Object Repository/Page_Signup/lbl_sucessMessage' is present

2018-08-22 16:08:15 - [MESSAGE][PASSED] - Object 'Object Repository/Page_Signup/lbl_sucessMessage' is present

2018-08-22 16:08:15 - [TEST_STEP][PASSED] - beautytap.GeneralAction.openMailBox: beautytap.GeneralAction.openMailBox is PASSED

2018-08-22 16:08:18 - [MESSAGE][PASSED] - Navigate to 'https://www.mailinator.com' successfully

2018-08-22 16:08:18 - [MESSAGE][PASSED] - Wait for page load successfully

2018-08-22 16:08:18 - [MESSAGE][PASSED] - Keys 'auto362065' sent to object: 'Object Repository/Page_mailinator/txt_email'

2018-08-22 16:08:20 - [MESSAGE][PASSED] - Object: 'Object Repository/Page_mailinator/btn_go' is clicked on

2018-08-22 16:08:20 - [MESSAGE][PASSED] - Wait for page load successfully

2018-08-22 16:08:21 - [MESSAGE][PASSED] - Object: '' is clicked on

2018-08-22 16:08:21 - [MESSAGE][PASSED] - beautytap.GeneralAction.openMailBox is PASSED

2018-08-22 16:08:21 - [TEST_STEP][PASSED] - beautytap.GeneralAction.verifyEmailExist: beautytap.GeneralAction.verifyEmailExist is PASSED

2018-08-22 16:08:22 - [MESSAGE][PASSED] - Object '' is present

2018-08-22 16:08:22 - [MESSAGE][PASSED] - beautytap.GeneralAction.verifyEmailExist is PASSED

2018-08-22 16:08:22 - [TEST_STEP][PASSED] - beautytap.GeneralAction.openEmail: beautytap.GeneralAction.openEmail is PASSED

2018-08-22 16:08:22 - [MESSAGE][PASSED] - Object: '' is clicked on

2018-08-22 16:08:22 - [MESSAGE][PASSED] - beautytap.GeneralAction.openEmail is PASSED

2018-08-22 16:08:22 - [TEST_STEP][PASSED] - beautytap.GeneralAction.clickEmailLink: beautytap.GeneralAction.clickEmailLink is PASSED

2018-08-22 16:08:23 - [MESSAGE][PASSED] - Text of object '' is: 'https://staging.beautytap.com/activate/PHqoYSUEh1XstiQ9lMdd5SvUxqcHix6R/'

2018-08-22 16:08:31 - [MESSAGE][PASSED] - Navigate to 'https://staging.beautytap.com/activate/PHqoYSUEh1XstiQ9lMdd5SvUxqcHix6R/' successfully

2018-08-22 16:08:31 - [MESSAGE][PASSED] - beautytap.GeneralAction.clickEmailLink is PASSED

2018-08-22 16:08:31 - [TEST_STEP][PASSED] - waitForPageLoad: Wait for page load successfully

2018-08-22 16:08:31 - [MESSAGE][PASSED] - Wait for page load successfully

2018-08-22 16:08:31 - [TEST_STEP][PASSED] - verifyElementPresent: Object 'Object Repository/Page_General/lbl_activeSuccessMessage' is present

2018-08-22 16:08:31 - [MESSAGE][PASSED] - Object 'Object Repository/Page_General/lbl_activeSuccessMessage' is present

2018-08-22 16:08:31 - [TEST_STEP][PASSED] - beautytap.GeneralAction.clickNavigationMenu: beautytap.GeneralAction.clickNavigationMenu is PASSED

2018-08-22 16:08:35 - [MESSAGE][PASSED] - Object: 'Object Repository/Page_General/link_login' is clicked on

2018-08-22 16:08:35 - [MESSAGE][PASSED] - Wait for page load successfully

2018-08-22 16:08:35 - [MESSAGE][PASSED] - beautytap.GeneralAction.clickNavigationMenu is PASSED

2018-08-22 16:08:35 - [TEST_STEP][PASSED] - beautytap.GeneralAction.login: beautytap.GeneralAction.login is PASSED

2018-08-22 16:08:35 - [MESSAGE][PASSED] - Text of object 'Object Repository/Page_login/txt_username' is cleared

2018-08-22 16:08:35 - [MESSAGE][PASSED] - Keys 'auto362065' sent to object: 'Object Repository/Page_login/txt_username'

2018-08-22 16:08:35 - [MESSAGE][PASSED] - Text of object 'Object Repository/Page_login/txt_password' is cleared

2018-08-22 16:08:35 - [MESSAGE][PASSED] - Keys '123456' sent to object: 'Object Repository/Page_login/txt_password'

2018-08-22 16:08:36 - [MESSAGE][PASSED] - Object: 'Object Repository/Page_login/btn_login' is clicked on

2018-08-22 16:08:36 - [MESSAGE][PASSED] - Wait for page load successfully

2018-08-22 16:08:36 - [MESSAGE][PASSED] - beautytap.GeneralAction.login is PASSED

2018-08-22 16:08:36 - [TEST_STEP][PASSED] - verifyElementPresent: Object 'Object Repository/Page_General/link_avatar' is present

2018-08-22 16:08:51 - [MESSAGE][PASSED] - Object 'Object Repository/Page_General/link_avatar' is present

2018-08-22 16:08:51 - [TEST_STEP][PASSED] - beautytap.GeneralAction.logout: beautytap.GeneralAction.logout is PASSED

2018-08-22 16:08:51 - [MESSAGE][PASSED] - Object: 'Object Repository/Page_General/link_avatar' is clicked on

2018-08-22 16:08:51 - [MESSAGE][PASSED] - Object 'Object Repository/Page_General/menu_logout' is present

2018-08-22 16:08:51 - [MESSAGE][PASSED] - Object: 'Object Repository/Page_General/menu_logout' is clicked on

2018-08-22 16:08:51 - [MESSAGE][PASSED] - Wait for page load successfully

2018-08-22 16:08:51 - [MESSAGE][PASSED] - beautytap.GeneralAction.logout is PASSED

2018-08-22 16:08:51 - [TEST_STEP][PASSED] - beautytap.GeneralAction.clickNavigationMenu: beautytap.GeneralAction.clickNavigationMenu is PASSED

2018-08-22 16:09:06 - [MESSAGE][PASSED] - Object: 'Object Repository/Page_General/link_login' is clicked on

2018-08-22 16:09:06 - [MESSAGE][PASSED] - Wait for page load successfully

2018-08-22 16:09:06 - [MESSAGE][PASSED] - beautytap.GeneralAction.clickNavigationMenu is PASSED

2018-08-22 16:09:06 - [TEST_STEP][PASSED] - beautytap.GeneralAction.login: beautytap.GeneralAction.login is PASSED

2018-08-22 16:09:06 - [MESSAGE][PASSED] - Text of object 'Object Repository/Page_login/txt_username' is cleared

2018-08-22 16:09:07 - [MESSAGE][PASSED] - Keys 'auto362065@mailinator.com' sent to object: 'Object Repository/Page_login/txt_username'

2018-08-22 16:09:07 - [MESSAGE][PASSED] - Text of object 'Object Repository/Page_login/txt_password' is cleared

2018-08-22 16:09:07 - [MESSAGE][PASSED] - Keys '123456' sent to object: 'Object Repository/Page_login/txt_password'

2018-08-22 16:09:07 - [MESSAGE][PASSED] - Object: 'Object Repository/Page_login/btn_login' is clicked on

2018-08-22 16:09:07 - [MESSAGE][PASSED] - Wait for page load successfully

2018-08-22 16:09:07 - [MESSAGE][PASSED] - beautytap.GeneralAction.login is PASSED

2018-08-22 16:09:07 - [TEST_STEP][PASSED] - verifyElementPresent: Object 'Object Repository/Page_General/link_avatar' is present

2018-08-22 16:09:21 - [MESSAGE][PASSED] - Object 'Object Repository/Page_General/link_avatar' is present

2018-08-22 16:09:21 - [TEST_STEP][PASSED] - beautytap.GeneralAction.logout: beautytap.GeneralAction.logout is PASSED

2018-08-22 16:09:21 - [MESSAGE][PASSED] - Object: 'Object Repository/Page_General/link_avatar' is clicked on

2018-08-22 16:09:22 - [MESSAGE][PASSED] - Object 'Object Repository/Page_General/menu_logout' is present

2018-08-22 16:09:22 - [MESSAGE][PASSED] - Object: 'Object Repository/Page_General/menu_logout' is clicked on

2018-08-22 16:09:22 - [MESSAGE][PASSED] - Wait for page load successfully

2018-08-22 16:09:22 - [MESSAGE][PASSED] - beautytap.GeneralAction.logout is PASSED

2018-08-22 16:09:22 - [TEST_STEP][PASSED] - beautytap.GeneralAction.clickNavigationMenu: beautytap.GeneralAction.clickNavigationMenu is PASSED

2018-08-22 16:09:36 - [MESSAGE][PASSED] - Object: 'Object Repository/Page_General/link_login' is clicked on

2018-08-22 16:09:36 - [MESSAGE][PASSED] - Wait for page load successfully

2018-08-22 16:09:36 - [MESSAGE][PASSED] - beautytap.GeneralAction.clickNavigationMenu is PASSED

2018-08-22 16:09:36 - [TEST_STEP][PASSED] - click: Object: 'Object Repository/Page_Login/link_forgotPassword' is clicked on

2018-08-22 16:09:40 - [MESSAGE][PASSED] - Object: 'Object Repository/Page_Login/link_forgotPassword' is clicked on

2018-08-22 16:09:40 - [TEST_STEP][PASSED] - sendKeys: Keys 'auto362065' sent to object: 'Object Repository/Page_ForgotPassword/txt_usernameOrEmail'

2018-08-22 16:09:41 - [MESSAGE][PASSED] - Keys 'auto362065' sent to object: 'Object Repository/Page_ForgotPassword/txt_usernameOrEmail'

2018-08-22 16:09:41 - [TEST_STEP][PASSED] - click: Object: 'Object Repository/Page_ForgotPassword/btn_forgotPassword' is clicked on

2018-08-22 16:09:41 - [MESSAGE][PASSED] - Object: 'Object Repository/Page_ForgotPassword/btn_forgotPassword' is clicked on

2018-08-22 16:09:41 - [TEST_STEP][PASSED] - verifyElementPresent: Object 'Object Repository/Page_ForgotPassword/lbl_sucessMessage' is present

2018-08-22 16:09:44 - [MESSAGE][PASSED] - Object 'Object Repository/Page_ForgotPassword/lbl_sucessMessage' is present

2018-08-22 16:09:44 - [TEST_STEP][FAILED] - beautytap.GeneralAction.openMailBox: Unable to click on object '' (Root cause: org.openqa.selenium.StaleElementReferenceException: stale element reference: element is not attached to the page document
  (Session info: chrome=68.0.3440.106)
  (Driver info: chromedriver=2.35.528161 (5b82f2d2aae0ca24b877009200ced9065a772e73),platform=Windows NT 10.0.17134 x86_64) (WARNING: The server did not provide any stacktrace information)
Command duration or timeout: 0 milliseconds
For documentation on this error, please visit: http://seleniumhq.org/exceptions/stale_element_reference.html
Build info: version: '3.7.1', revision: '8a0099a', time: '2017-11-06T21:07:36.161Z'
System info: host: 'DESKTOP-G1UHP65', ip: '10.0.0.151', os.name: 'Windows 10', os.arch: 'amd64', os.version: '10.0', java.version: '1.8.0_102'
Driver info: com.kms.katalon.selenium.driver.CChromeDriver
Capabilities {acceptInsecureCerts: false, acceptSslCerts: false, applicationCacheEnabled: false, browserConnectionEnabled: false, browserName: chrome, chrome: {chromedriverVersion: 2.35.528161 (5b82f2d2aae0ca..., userDataDir: C:\Users\TRANGN~1\AppData\L...}, cssSelectorsEnabled: true, databaseEnabled: false, handlesAlerts: true, hasTouchScreen: false, javascriptEnabled: true, locationContextEnabled: true, mobileEmulationEnabled: false, nativeEvents: true, networkConnectionEnabled: false, pageLoadStrategy: normal, platform: XP, platformName: XP, rotatable: false, setWindowRect: true, takesHeapSnapshot: true, takesScreenshot: true, unexpectedAlertBehaviour: , unhandledPromptBehavior: , version: 68.0.3440.106, webStorageEnabled: true}
Session ID: 1e00079db9e0c32248495df10a95f1b4)

2018-08-22 16:09:46 - [MESSAGE][PASSED] - Navigate to 'https://www.mailinator.com' successfully

2018-08-22 16:09:46 - [MESSAGE][PASSED] - Wait for page load successfully

2018-08-22 16:09:47 - [MESSAGE][PASSED] - Keys 'auto362065' sent to object: 'Object Repository/Page_mailinator/txt_email'

2018-08-22 16:09:48 - [MESSAGE][PASSED] - Object: 'Object Repository/Page_mailinator/btn_go' is clicked on

2018-08-22 16:09:48 - [MESSAGE][PASSED] - Wait for page load successfully

2018-08-22 16:09:49 - [MESSAGE][FAILED] - Unable to click on object '' (Root cause: org.openqa.selenium.StaleElementReferenceException: stale element reference: element is not attached to the page document
  (Session info: chrome=68.0.3440.106)
  (Driver info: chromedriver=2.35.528161 (5b82f2d2aae0ca24b877009200ced9065a772e73),platform=Windows NT 10.0.17134 x86_64) (WARNING: The server did not provide any stacktrace information)
Command duration or timeout: 0 milliseconds
For documentation on this error, please visit: http://seleniumhq.org/exceptions/stale_element_reference.html
Build info: version: '3.7.1', revision: '8a0099a', time: '2017-11-06T21:07:36.161Z'
System info: host: 'DESKTOP-G1UHP65', ip: '10.0.0.151', os.name: 'Windows 10', os.arch: 'amd64', os.version: '10.0', java.version: '1.8.0_102'
Driver info: com.kms.katalon.selenium.driver.CChromeDriver
Capabilities {acceptInsecureCerts: false, acceptSslCerts: false, applicationCacheEnabled: false, browserConnectionEnabled: false, browserName: chrome, chrome: {chromedriverVersion: 2.35.528161 (5b82f2d2aae0ca..., userDataDir: C:\Users\TRANGN~1\AppData\L...}, cssSelectorsEnabled: true, databaseEnabled: false, handlesAlerts: true, hasTouchScreen: false, javascriptEnabled: true, locationContextEnabled: true, mobileEmulationEnabled: false, nativeEvents: true, networkConnectionEnabled: false, pageLoadStrategy: normal, platform: XP, platformName: XP, rotatable: false, setWindowRect: true, takesHeapSnapshot: true, takesScreenshot: true, unexpectedAlertBehaviour: , unhandledPromptBehavior: , version: 68.0.3440.106, webStorageEnabled: true}
Session ID: 1e00079db9e0c32248495df10a95f1b4)
[[ATTACHMENT|E:\\BeautytapAutomation\\beautytapAuto\\Beautytap\\Reports\\TS1\\20180822_160731\\1534928989254.png]]

2018-08-22 16:09:49 - [MESSAGE][FAILED] - Unable to click on object '' (Root cause: org.openqa.selenium.StaleElementReferenceException: stale element reference: element is not attached to the page document
  (Session info: chrome=68.0.3440.106)
  (Driver info: chromedriver=2.35.528161 (5b82f2d2aae0ca24b877009200ced9065a772e73),platform=Windows NT 10.0.17134 x86_64) (WARNING: The server did not provide any stacktrace information)
Command duration or timeout: 0 milliseconds
For documentation on this error, please visit: http://seleniumhq.org/exceptions/stale_element_reference.html
Build info: version: '3.7.1', revision: '8a0099a', time: '2017-11-06T21:07:36.161Z'
System info: host: 'DESKTOP-G1UHP65', ip: '10.0.0.151', os.name: 'Windows 10', os.arch: 'amd64', os.version: '10.0', java.version: '1.8.0_102'
Driver info: com.kms.katalon.selenium.driver.CChromeDriver
Capabilities {acceptInsecureCerts: false, acceptSslCerts: false, applicationCacheEnabled: false, browserConnectionEnabled: false, browserName: chrome, chrome: {chromedriverVersion: 2.35.528161 (5b82f2d2aae0ca..., userDataDir: C:\Users\TRANGN~1\AppData\L...}, cssSelectorsEnabled: true, databaseEnabled: false, handlesAlerts: true, hasTouchScreen: false, javascriptEnabled: true, locationContextEnabled: true, mobileEmulationEnabled: false, nativeEvents: true, networkConnectionEnabled: false, pageLoadStrategy: normal, platform: XP, platformName: XP, rotatable: false, setWindowRect: true, takesHeapSnapshot: true, takesScreenshot: true, unexpectedAlertBehaviour: , unhandledPromptBehavior: , version: 68.0.3440.106, webStorageEnabled: true}
Session ID: 1e00079db9e0c32248495df10a95f1b4)]]></system-out>
         <system-err><![CDATA[2018-08-22 16:07:34 - [TEST_CASE][FAILED] - Test Cases/SignUp_Login_ResetPass/TC01_SignUp_Login_ResetPassword_Via_Email: Test Cases/SignUp_Login_ResetPass/TC01_SignUp_Login_ResetPassword_Via_Email FAILED because (of) Unable to click on object '' (Root cause: org.openqa.selenium.StaleElementReferenceException: stale element reference: element is not attached to the page document
  (Session info: chrome=68.0.3440.106)
  (Driver info: chromedriver=2.35.528161 (5b82f2d2aae0ca24b877009200ced9065a772e73),platform=Windows NT 10.0.17134 x86_64) (WARNING: The server did not provide any stacktrace information)
Command duration or timeout: 0 milliseconds
For documentation on this error, please visit: http://seleniumhq.org/exceptions/stale_element_reference.html
Build info: version: '3.7.1', revision: '8a0099a', time: '2017-11-06T21:07:36.161Z'
System info: host: 'DESKTOP-G1UHP65', ip: '10.0.0.151', os.name: 'Windows 10', os.arch: 'amd64', os.version: '10.0', java.version: '1.8.0_102'
Driver info: com.kms.katalon.selenium.driver.CChromeDriver
Capabilities {acceptInsecureCerts: false, acceptSslCerts: false, applicationCacheEnabled: false, browserConnectionEnabled: false, browserName: chrome, chrome: {chromedriverVersion: 2.35.528161 (5b82f2d2aae0ca..., userDataDir: C:\Users\TRANGN~1\AppData\L...}, cssSelectorsEnabled: true, databaseEnabled: false, handlesAlerts: true, hasTouchScreen: false, javascriptEnabled: true, locationContextEnabled: true, mobileEmulationEnabled: false, nativeEvents: true, networkConnectionEnabled: false, pageLoadStrategy: normal, platform: XP, platformName: XP, rotatable: false, setWindowRect: true, takesHeapSnapshot: true, takesScreenshot: true, unexpectedAlertBehaviour: , unhandledPromptBehavior: , version: 68.0.3440.106, webStorageEnabled: true}
Session ID: 1e00079db9e0c32248495df10a95f1b4)]]></system-err>
      </testcase>
      <testcase name="Test Cases/SignUp_Login_ResetPass/TC02_SignUp_Login_ViaFacebookEmail_NewUser_OldUser" classname="Test Cases/SignUp_Login_ResetPass/TC02_SignUp_Login_ViaFacebookEmail_NewUser_OldUser" status="FAILED">
         <failure type="FAILED" message="Unable to verify object 'Object Repository/Page_General/link_avatar' is present (Root cause: com.kms.katalon.core.webui.exception.WebElementNotFoundException: Web element with id: 'Object Repository/Page_General/link_avatar' located by 'By.xpath: //a[@class='user']/img[@alt='Profile picture of ']' not found)"/>
         <system-out><![CDATA[2018-08-22 16:09:49 - [TEST_CASE][FAILED] - Test Cases/SignUp_Login_ResetPass/TC02_SignUp_Login_ViaFacebookEmail_NewUser_OldUser: Test Cases/SignUp_Login_ResetPass/TC02_SignUp_Login_ViaFacebookEmail_NewUser_OldUser FAILED because (of) Unable to verify object 'Object Repository/Page_General/link_avatar' is present (Root cause: com.kms.katalon.core.webui.exception.WebElementNotFoundException: Web element with id: 'Object Repository/Page_General/link_avatar' located by 'By.xpath: //a[@class='user']/img[@alt='Profile picture of ']' not found)

2018-08-22 16:09:49 - [TEST_STEP][PASSED] - beautytap.AdminAction.deleteUser: beautytap.AdminAction.deleteUser is PASSED

2018-08-22 16:09:49 - [MESSAGE][WARNING] - A browser is already opened. Closing browser and opening a new one

2018-08-22 16:10:01 - [MESSAGE][PASSED] - Browser is opened with url: 'https://staging.beautytap.com/login'

2018-08-22 16:10:02 - [MESSAGE][PASSED] - Current window maximized

2018-08-22 16:10:03 - [MESSAGE][PASSED] - Text of object 'Object Repository/Page_login/txt_username' is cleared

2018-08-22 16:10:03 - [MESSAGE][PASSED] - Keys 'mrwhite' sent to object: 'Object Repository/Page_login/txt_username'

2018-08-22 16:10:03 - [MESSAGE][PASSED] - Text of object 'Object Repository/Page_login/txt_password' is cleared

2018-08-22 16:10:03 - [MESSAGE][PASSED] - Keys 'kgySM$Im' sent to object: 'Object Repository/Page_login/txt_password'

2018-08-22 16:10:03 - [MESSAGE][PASSED] - Object: 'Object Repository/Page_login/btn_login' is clicked on

2018-08-22 16:10:03 - [MESSAGE][PASSED] - Wait for page load successfully

2018-08-22 16:10:03 - [MESSAGE][PASSED] - Wait for page load successfully

2018-08-22 16:10:22 - [MESSAGE][PASSED] - Navigate to 'https://staging.beautytap.com/admin' successfully

2018-08-22 16:10:22 - [MESSAGE][PASSED] - Wait for page load successfully

2018-08-22 16:10:29 - [MESSAGE][PASSED] - Object: 'Object Repository/Page_Admin/menu_users' is clicked on

2018-08-22 16:10:29 - [MESSAGE][PASSED] - Wait for page load successfully

2018-08-22 16:10:29 - [MESSAGE][PASSED] - Text of object 'Object Repository/Page_Admin/txt_searchBox' is cleared

2018-08-22 16:10:30 - [MESSAGE][PASSED] - Keys 'g5.posiba@gmail.com' sent to object: 'Object Repository/Page_Admin/txt_searchBox'

2018-08-22 16:10:33 - [MESSAGE][PASSED] - Object: 'Object Repository/Page_Admin/btn_searchUser' is clicked on

2018-08-22 16:10:33 - [MESSAGE][PASSED] - Wait for page load successfully

2018-08-22 16:10:33 - [MESSAGE][PASSED] - Text of object '' is: 'g5.posiba@gmail.com'

2018-08-22 16:10:33 - [MESSAGE][PASSED] - Attribute 'id' of object '' is: 'user-63464'

2018-08-22 16:10:33 - [MESSAGE][PASSED] - Object: '' is hovered

2018-08-22 16:10:38 - [MESSAGE][PASSED] - Delayed 5 second(s)

2018-08-22 16:10:40 - [MESSAGE][PASSED] - Object: '' is clicked on

2018-08-22 16:10:40 - [MESSAGE][FAILED] - No alert found
[[ATTACHMENT|E:\\BeautytapAutomation\\beautytapAuto\\Beautytap\\Reports\\TS1\\20180822_160731\\1534929040133.png]]

2018-08-22 16:10:40 - [MESSAGE][FAILED] - Unable to accept alert (Root cause: No alert found)
[[ATTACHMENT|E:\\BeautytapAutomation\\beautytapAuto\\Beautytap\\Reports\\TS1\\20180822_160731\\1534929040432.png]]

2018-08-22 16:10:41 - [MESSAGE][PASSED] - Browser is closed

2018-08-22 16:10:41 - [MESSAGE][PASSED] - beautytap.AdminAction.deleteUser is PASSED

2018-08-22 16:10:41 - [TEST_STEP][PASSED] - beautytap.GeneralAction.openBeautytap: beautytap.GeneralAction.openBeautytap is PASSED

2018-08-22 16:11:07 - [MESSAGE][PASSED] - Browser is opened with url: 'https://staging.beautytap.com'

2018-08-22 16:11:08 - [MESSAGE][PASSED] - Current window maximized

2018-08-22 16:11:17 - [MESSAGE][PASSED] - Refresh successfully

2018-08-22 16:11:17 - [MESSAGE][PASSED] - Wait for page load successfully

2018-08-22 16:11:17 - [MESSAGE][PASSED] - beautytap.GeneralAction.openBeautytap is PASSED

2018-08-22 16:11:17 - [TEST_STEP][PASSED] - beautytap.GeneralAction.clickNavigationMenu: beautytap.GeneralAction.clickNavigationMenu is PASSED

2018-08-22 16:11:23 - [MESSAGE][PASSED] - Object: 'Object Repository/Page_General/link_signup' is clicked on

2018-08-22 16:11:23 - [MESSAGE][PASSED] - Wait for page load successfully

2018-08-22 16:11:23 - [MESSAGE][PASSED] - beautytap.GeneralAction.clickNavigationMenu is PASSED

2018-08-22 16:11:23 - [TEST_STEP][PASSED] - beautytap.GeneralAction.signupViaFacebook: beautytap.GeneralAction.signupViaFacebook is PASSED

2018-08-22 16:11:23 - [MESSAGE][PASSED] - Object: 'Object Repository/Page_Signup/btn_signupFB' is clicked on

2018-08-22 16:11:23 - [MESSAGE][PASSED] - Switched to window with index: '1'

2018-08-22 16:11:25 - [MESSAGE][PASSED] - Keys 'g5.posiba@gmail.com' sent to object: 'Object Repository/Popup_FacebookLogin/txt_email'

2018-08-22 16:11:25 - [MESSAGE][PASSED] - Keys 'posiba123' sent to object: 'Object Repository/Popup_FacebookLogin/txt_password'

2018-08-22 16:11:26 - [MESSAGE][PASSED] - Object: 'Object Repository/Popup_FacebookLogin/btn_login' is clicked on

2018-08-22 16:11:28 - [MESSAGE][WARNING] - Cannot take screenshot

2018-08-22 16:11:28 - [MESSAGE][FAILED] - Unable to get text of object 'Object Repository/Popup_FacebookLogin/btn_confirmPermission' (Root cause: org.openqa.selenium.NoSuchWindowException: no such window: window was already closed
  (Session info: chrome=68.0.3440.106)
  (Driver info: chromedriver=2.35.528161 (5b82f2d2aae0ca24b877009200ced9065a772e73),platform=Windows NT 10.0.17134 x86_64) (WARNING: The server did not provide any stacktrace information)
Command duration or timeout: 0 milliseconds
Build info: version: '3.7.1', revision: '8a0099a', time: '2017-11-06T21:07:36.161Z'
System info: host: 'DESKTOP-G1UHP65', ip: '10.0.0.151', os.name: 'Windows 10', os.arch: 'amd64', os.version: '10.0', java.version: '1.8.0_102'
Driver info: com.kms.katalon.selenium.driver.CChromeDriver
Capabilities {acceptInsecureCerts: false, acceptSslCerts: false, applicationCacheEnabled: false, browserConnectionEnabled: false, browserName: chrome, chrome: {chromedriverVersion: 2.35.528161 (5b82f2d2aae0ca..., userDataDir: C:\Users\TRANGN~1\AppData\L...}, cssSelectorsEnabled: true, databaseEnabled: false, handlesAlerts: true, hasTouchScreen: false, javascriptEnabled: true, locationContextEnabled: true, mobileEmulationEnabled: false, nativeEvents: true, networkConnectionEnabled: false, pageLoadStrategy: normal, platform: XP, platformName: XP, rotatable: false, setWindowRect: true, takesHeapSnapshot: true, takesScreenshot: true, unexpectedAlertBehaviour: , unhandledPromptBehavior: , version: 68.0.3440.106, webStorageEnabled: true}
Session ID: 12b66757162ae4138d74eefc159352bc
*** Element info: {Using=xpath, value=//button[contains(@class,'layerConfirm') and contains(@name,'CONFIRM')]})

2018-08-22 16:11:28 - [MESSAGE][PASSED] - Switched to window with index: '0'

2018-08-22 16:11:43 - [MESSAGE][PASSED] - Delayed 15 second(s)

2018-08-22 16:11:43 - [MESSAGE][PASSED] - Wait for page load successfully

2018-08-22 16:11:43 - [MESSAGE][PASSED] - beautytap.GeneralAction.signupViaFacebook is PASSED

2018-08-22 16:11:43 - [TEST_STEP][PASSED] - verifyElementPresent: Object 'Object Repository/Page_General/link_avatar' is present

2018-08-22 16:11:43 - [MESSAGE][PASSED] - Object 'Object Repository/Page_General/link_avatar' is present

2018-08-22 16:11:43 - [TEST_STEP][PASSED] - beautytap.GeneralAction.logout: beautytap.GeneralAction.logout is PASSED

2018-08-22 16:11:44 - [MESSAGE][PASSED] - Object: 'Object Repository/Page_General/link_avatar' is clicked on

2018-08-22 16:11:44 - [MESSAGE][PASSED] - Object 'Object Repository/Page_General/menu_logout' is present

2018-08-22 16:11:44 - [MESSAGE][PASSED] - Object: 'Object Repository/Page_General/menu_logout' is clicked on

2018-08-22 16:11:44 - [MESSAGE][PASSED] - Wait for page load successfully

2018-08-22 16:11:45 - [MESSAGE][PASSED] - Browser is closed

2018-08-22 16:11:45 - [MESSAGE][PASSED] - beautytap.GeneralAction.logout is PASSED

2018-08-22 16:11:45 - [TEST_STEP][PASSED] - beautytap.AdminAction.deleteUser: beautytap.AdminAction.deleteUser is PASSED

2018-08-22 16:11:57 - [MESSAGE][PASSED] - Browser is opened with url: 'https://staging.beautytap.com/login'

2018-08-22 16:11:58 - [MESSAGE][PASSED] - Current window maximized

2018-08-22 16:11:58 - [MESSAGE][PASSED] - Text of object 'Object Repository/Page_login/txt_username' is cleared

2018-08-22 16:11:58 - [MESSAGE][PASSED] - Keys 'mrwhite' sent to object: 'Object Repository/Page_login/txt_username'

2018-08-22 16:11:58 - [MESSAGE][PASSED] - Text of object 'Object Repository/Page_login/txt_password' is cleared

2018-08-22 16:11:58 - [MESSAGE][PASSED] - Keys 'kgySM$Im' sent to object: 'Object Repository/Page_login/txt_password'

2018-08-22 16:11:59 - [MESSAGE][PASSED] - Object: 'Object Repository/Page_login/btn_login' is clicked on

2018-08-22 16:11:59 - [MESSAGE][PASSED] - Wait for page load successfully

2018-08-22 16:11:59 - [MESSAGE][PASSED] - Wait for page load successfully

2018-08-22 16:12:18 - [MESSAGE][PASSED] - Navigate to 'https://staging.beautytap.com/admin' successfully

2018-08-22 16:12:18 - [MESSAGE][PASSED] - Wait for page load successfully

2018-08-22 16:12:24 - [MESSAGE][PASSED] - Object: 'Object Repository/Page_Admin/menu_users' is clicked on

2018-08-22 16:12:24 - [MESSAGE][PASSED] - Wait for page load successfully

2018-08-22 16:12:24 - [MESSAGE][PASSED] - Text of object 'Object Repository/Page_Admin/txt_searchBox' is cleared

2018-08-22 16:12:24 - [MESSAGE][PASSED] - Keys 'g5.posiba@gmail.com' sent to object: 'Object Repository/Page_Admin/txt_searchBox'

2018-08-22 16:12:27 - [MESSAGE][PASSED] - Object: 'Object Repository/Page_Admin/btn_searchUser' is clicked on

2018-08-22 16:12:27 - [MESSAGE][PASSED] - Wait for page load successfully

2018-08-22 16:12:27 - [MESSAGE][PASSED] - Text of object '' is: 'g5.posiba@gmail.com'

2018-08-22 16:12:27 - [MESSAGE][PASSED] - Attribute 'id' of object '' is: 'user-63464'

2018-08-22 16:12:28 - [MESSAGE][PASSED] - Object: '' is hovered

2018-08-22 16:12:33 - [MESSAGE][PASSED] - Delayed 5 second(s)

2018-08-22 16:12:34 - [MESSAGE][PASSED] - Object: '' is clicked on

2018-08-22 16:12:34 - [MESSAGE][FAILED] - No alert found
[[ATTACHMENT|E:\\BeautytapAutomation\\beautytapAuto\\Beautytap\\Reports\\TS1\\20180822_160731\\1534929154615.png]]

2018-08-22 16:12:35 - [MESSAGE][FAILED] - Unable to accept alert (Root cause: No alert found)
[[ATTACHMENT|E:\\BeautytapAutomation\\beautytapAuto\\Beautytap\\Reports\\TS1\\20180822_160731\\1534929154943.png]]

2018-08-22 16:12:36 - [MESSAGE][PASSED] - Browser is closed

2018-08-22 16:12:36 - [MESSAGE][PASSED] - beautytap.AdminAction.deleteUser is PASSED

2018-08-22 16:12:36 - [TEST_STEP][PASSED] - beautytap.GeneralAction.openBeautytap: beautytap.GeneralAction.openBeautytap is PASSED

2018-08-22 16:12:59 - [MESSAGE][PASSED] - Browser is opened with url: 'https://staging.beautytap.com'

2018-08-22 16:13:00 - [MESSAGE][PASSED] - Current window maximized

2018-08-22 16:13:09 - [MESSAGE][PASSED] - Refresh successfully

2018-08-22 16:13:09 - [MESSAGE][PASSED] - Wait for page load successfully

2018-08-22 16:13:09 - [MESSAGE][PASSED] - beautytap.GeneralAction.openBeautytap is PASSED

2018-08-22 16:13:09 - [TEST_STEP][PASSED] - beautytap.GeneralAction.clickNavigationMenu: beautytap.GeneralAction.clickNavigationMenu is PASSED

2018-08-22 16:13:14 - [MESSAGE][PASSED] - Object: 'Object Repository/Page_General/link_login' is clicked on

2018-08-22 16:13:14 - [MESSAGE][PASSED] - Wait for page load successfully

2018-08-22 16:13:14 - [MESSAGE][PASSED] - beautytap.GeneralAction.clickNavigationMenu is PASSED

2018-08-22 16:13:14 - [TEST_STEP][PASSED] - beautytap.GeneralAction.login: beautytap.GeneralAction.login is PASSED

2018-08-22 16:13:14 - [MESSAGE][PASSED] - Object: 'Object Repository/Page_Login/btn_loginFB' is clicked on

2018-08-22 16:13:14 - [MESSAGE][PASSED] - Switched to window with index: '1'

2018-08-22 16:13:16 - [MESSAGE][PASSED] - Object 'Object Repository/Popup_FacebookLogin/txt_email' is visible

2018-08-22 16:13:16 - [MESSAGE][PASSED] - Keys 'g5.posiba@gmail.com' sent to object: 'Object Repository/Popup_FacebookLogin/txt_email'

2018-08-22 16:13:17 - [MESSAGE][PASSED] - Keys 'posiba123' sent to object: 'Object Repository/Popup_FacebookLogin/txt_password'

2018-08-22 16:13:18 - [MESSAGE][PASSED] - Object: 'Object Repository/Popup_FacebookLogin/btn_login' is clicked on

2018-08-22 16:13:18 - [MESSAGE][PASSED] - Switched to window with index: '0'

2018-08-22 16:13:18 - [MESSAGE][PASSED] - Wait for page load successfully

2018-08-22 16:13:18 - [MESSAGE][PASSED] - beautytap.GeneralAction.login is PASSED

2018-08-22 16:13:18 - [TEST_STEP][PASSED] - verifyElementPresent: Object 'Object Repository/Page_General/link_avatar' is present

2018-08-22 16:13:31 - [MESSAGE][PASSED] - Object 'Object Repository/Page_General/link_avatar' is present

2018-08-22 16:13:31 - [TEST_STEP][PASSED] - beautytap.GeneralAction.logout: beautytap.GeneralAction.logout is PASSED

2018-08-22 16:13:31 - [MESSAGE][PASSED] - Object: 'Object Repository/Page_General/link_avatar' is clicked on

2018-08-22 16:13:31 - [MESSAGE][PASSED] - Object 'Object Repository/Page_General/menu_logout' is present

2018-08-22 16:13:31 - [MESSAGE][PASSED] - Object: 'Object Repository/Page_General/menu_logout' is clicked on

2018-08-22 16:13:31 - [MESSAGE][PASSED] - Wait for page load successfully

2018-08-22 16:13:32 - [MESSAGE][PASSED] - Browser is closed

2018-08-22 16:13:32 - [MESSAGE][PASSED] - beautytap.GeneralAction.logout is PASSED

2018-08-22 16:13:32 - [TEST_STEP][PASSED] - beautytap.GeneralAction.openBeautytap: beautytap.GeneralAction.openBeautytap is PASSED

2018-08-22 16:13:48 - [MESSAGE][PASSED] - Browser is opened with url: 'https://staging.beautytap.com'

2018-08-22 16:13:49 - [MESSAGE][PASSED] - Current window maximized

2018-08-22 16:13:58 - [MESSAGE][PASSED] - Refresh successfully

2018-08-22 16:13:58 - [MESSAGE][PASSED] - Wait for page load successfully

2018-08-22 16:13:58 - [MESSAGE][PASSED] - beautytap.GeneralAction.openBeautytap is PASSED

2018-08-22 16:13:58 - [TEST_STEP][PASSED] - beautytap.GeneralAction.clickNavigationMenu: beautytap.GeneralAction.clickNavigationMenu is PASSED

2018-08-22 16:14:03 - [MESSAGE][PASSED] - Object: 'Object Repository/Page_General/link_signup' is clicked on

2018-08-22 16:14:03 - [MESSAGE][PASSED] - Wait for page load successfully

2018-08-22 16:14:03 - [MESSAGE][PASSED] - beautytap.GeneralAction.clickNavigationMenu is PASSED

2018-08-22 16:14:03 - [TEST_STEP][PASSED] - beautytap.GeneralAction.signupViaFacebook: beautytap.GeneralAction.signupViaFacebook is PASSED

2018-08-22 16:14:03 - [MESSAGE][PASSED] - Object: 'Object Repository/Page_Signup/btn_signupFB' is clicked on

2018-08-22 16:14:03 - [MESSAGE][PASSED] - Switched to window with index: '1'

2018-08-22 16:14:05 - [MESSAGE][PASSED] - Keys 'g5.posiba@gmail.com' sent to object: 'Object Repository/Popup_FacebookLogin/txt_email'

2018-08-22 16:14:05 - [MESSAGE][PASSED] - Keys 'posiba123' sent to object: 'Object Repository/Popup_FacebookLogin/txt_password'

2018-08-22 16:14:06 - [MESSAGE][PASSED] - Object: 'Object Repository/Popup_FacebookLogin/btn_login' is clicked on

2018-08-22 16:14:08 - [MESSAGE][WARNING] - Cannot take screenshot

2018-08-22 16:14:08 - [MESSAGE][FAILED] - Unable to get text of object 'Object Repository/Popup_FacebookLogin/btn_confirmPermission' (Root cause: org.openqa.selenium.NoSuchWindowException: no such window: window was already closed
  (Session info: chrome=68.0.3440.106)
  (Driver info: chromedriver=2.35.528161 (5b82f2d2aae0ca24b877009200ced9065a772e73),platform=Windows NT 10.0.17134 x86_64) (WARNING: The server did not provide any stacktrace information)
Command duration or timeout: 0 milliseconds
Build info: version: '3.7.1', revision: '8a0099a', time: '2017-11-06T21:07:36.161Z'
System info: host: 'DESKTOP-G1UHP65', ip: '10.0.0.151', os.name: 'Windows 10', os.arch: 'amd64', os.version: '10.0', java.version: '1.8.0_102'
Driver info: com.kms.katalon.selenium.driver.CChromeDriver
Capabilities {acceptInsecureCerts: false, acceptSslCerts: false, applicationCacheEnabled: false, browserConnectionEnabled: false, browserName: chrome, chrome: {chromedriverVersion: 2.35.528161 (5b82f2d2aae0ca..., userDataDir: C:\Users\TRANGN~1\AppData\L...}, cssSelectorsEnabled: true, databaseEnabled: false, handlesAlerts: true, hasTouchScreen: false, javascriptEnabled: true, locationContextEnabled: true, mobileEmulationEnabled: false, nativeEvents: true, networkConnectionEnabled: false, pageLoadStrategy: normal, platform: XP, platformName: XP, rotatable: false, setWindowRect: true, takesHeapSnapshot: true, takesScreenshot: true, unexpectedAlertBehaviour: , unhandledPromptBehavior: , version: 68.0.3440.106, webStorageEnabled: true}
Session ID: a4c04eaf144ab2d70b123c5897d6674b
*** Element info: {Using=xpath, value=//button[contains(@class,'layerConfirm') and contains(@name,'CONFIRM')]})

2018-08-22 16:14:08 - [MESSAGE][PASSED] - Switched to window with index: '0'

2018-08-22 16:14:23 - [MESSAGE][PASSED] - Delayed 15 second(s)

2018-08-22 16:14:23 - [MESSAGE][PASSED] - Wait for page load successfully

2018-08-22 16:14:23 - [MESSAGE][PASSED] - beautytap.GeneralAction.signupViaFacebook is PASSED

2018-08-22 16:14:23 - [TEST_STEP][PASSED] - verifyElementPresent: Object 'Object Repository/Page_General/link_avatar' is present

2018-08-22 16:14:23 - [MESSAGE][PASSED] - Object 'Object Repository/Page_General/link_avatar' is present

2018-08-22 16:14:23 - [TEST_STEP][PASSED] - beautytap.GeneralAction.logout: beautytap.GeneralAction.logout is PASSED

2018-08-22 16:14:23 - [MESSAGE][PASSED] - Object: 'Object Repository/Page_General/link_avatar' is clicked on

2018-08-22 16:14:23 - [MESSAGE][PASSED] - Object 'Object Repository/Page_General/menu_logout' is present

2018-08-22 16:14:24 - [MESSAGE][PASSED] - Object: 'Object Repository/Page_General/menu_logout' is clicked on

2018-08-22 16:14:24 - [MESSAGE][PASSED] - Wait for page load successfully

2018-08-22 16:14:25 - [MESSAGE][PASSED] - Browser is closed

2018-08-22 16:14:25 - [MESSAGE][PASSED] - beautytap.GeneralAction.logout is PASSED

2018-08-22 16:14:25 - [TEST_STEP][PASSED] - beautytap.GeneralAction.openBeautytap: beautytap.GeneralAction.openBeautytap is PASSED

2018-08-22 16:14:41 - [MESSAGE][PASSED] - Browser is opened with url: 'https://staging.beautytap.com'

2018-08-22 16:14:42 - [MESSAGE][PASSED] - Current window maximized

2018-08-22 16:14:50 - [MESSAGE][PASSED] - Refresh successfully

2018-08-22 16:14:50 - [MESSAGE][PASSED] - Wait for page load successfully

2018-08-22 16:14:50 - [MESSAGE][PASSED] - beautytap.GeneralAction.openBeautytap is PASSED

2018-08-22 16:14:50 - [TEST_STEP][PASSED] - beautytap.GeneralAction.clickNavigationMenu: beautytap.GeneralAction.clickNavigationMenu is PASSED

2018-08-22 16:14:55 - [MESSAGE][PASSED] - Object: 'Object Repository/Page_General/link_login' is clicked on

2018-08-22 16:14:55 - [MESSAGE][PASSED] - Wait for page load successfully

2018-08-22 16:14:55 - [MESSAGE][PASSED] - beautytap.GeneralAction.clickNavigationMenu is PASSED

2018-08-22 16:14:55 - [TEST_STEP][PASSED] - beautytap.GeneralAction.login: beautytap.GeneralAction.login is PASSED

2018-08-22 16:14:55 - [MESSAGE][PASSED] - Object: 'Object Repository/Page_Login/btn_loginFB' is clicked on

2018-08-22 16:14:55 - [MESSAGE][PASSED] - Switched to window with index: '1'

2018-08-22 16:14:57 - [MESSAGE][PASSED] - Object 'Object Repository/Popup_FacebookLogin/txt_email' is visible

2018-08-22 16:14:57 - [MESSAGE][PASSED] - Keys 'g5.posiba@gmail.com' sent to object: 'Object Repository/Popup_FacebookLogin/txt_email'

2018-08-22 16:14:57 - [MESSAGE][PASSED] - Keys 'posiba123' sent to object: 'Object Repository/Popup_FacebookLogin/txt_password'

2018-08-22 16:14:59 - [MESSAGE][PASSED] - Object: 'Object Repository/Popup_FacebookLogin/btn_login' is clicked on

2018-08-22 16:14:59 - [MESSAGE][PASSED] - Switched to window with index: '0'

2018-08-22 16:14:59 - [MESSAGE][PASSED] - Wait for page load successfully

2018-08-22 16:14:59 - [MESSAGE][PASSED] - beautytap.GeneralAction.login is PASSED

2018-08-22 16:14:59 - [TEST_STEP][FAILED] - verifyElementPresent: Unable to verify object 'Object Repository/Page_General/link_avatar' is present (Root cause: com.kms.katalon.core.webui.exception.WebElementNotFoundException: Web element with id: 'Object Repository/Page_General/link_avatar' located by 'By.xpath: //a[@class='user']/img[@alt='Profile picture of ']' not found)

2018-08-22 16:15:31 - [MESSAGE][FAILED] - com.kms.katalon.core.webui.exception.WebElementNotFoundException: Web element with id: 'Object Repository/Page_General/link_avatar' located by 'By.xpath: //a[@class='user']/img[@alt='Profile picture of ']' not found
[[ATTACHMENT|E:\\BeautytapAutomation\\beautytapAuto\\Beautytap\\Reports\\TS1\\20180822_160731\\1534929330890.png]]

2018-08-22 16:15:31 - [MESSAGE][FAILED] - Unable to verify object 'Object Repository/Page_General/link_avatar' is present (Root cause: com.kms.katalon.core.webui.exception.WebElementNotFoundException: Web element with id: 'Object Repository/Page_General/link_avatar' located by 'By.xpath: //a[@class='user']/img[@alt='Profile picture of ']' not found)
[[ATTACHMENT|E:\\BeautytapAutomation\\beautytapAuto\\Beautytap\\Reports\\TS1\\20180822_160731\\1534929331170.png]]]]></system-out>
         <system-err><![CDATA[2018-08-22 16:09:49 - [TEST_CASE][FAILED] - Test Cases/SignUp_Login_ResetPass/TC02_SignUp_Login_ViaFacebookEmail_NewUser_OldUser: Test Cases/SignUp_Login_ResetPass/TC02_SignUp_Login_ViaFacebookEmail_NewUser_OldUser FAILED because (of) Unable to verify object 'Object Repository/Page_General/link_avatar' is present (Root cause: com.kms.katalon.core.webui.exception.WebElementNotFoundException: Web element with id: 'Object Repository/Page_General/link_avatar' located by 'By.xpath: //a[@class='user']/img[@alt='Profile picture of ']' not found)]]></system-err>
      </testcase>
      <testcase name="Test Cases/Shop/TC03_Search_SimpleProduct_NotSale_Creditcard_LessThan60" classname="Test Cases/Shop/TC03_Search_SimpleProduct_NotSale_Creditcard_LessThan60" status="PASSED">
         <system-out><![CDATA[2018-08-22 16:15:31 - [TEST_CASE][PASSED] - Test Cases/Shop/TC03_Search_SimpleProduct_NotSale_Creditcard_LessThan60: Test Cases/Shop/TC03_Search_SimpleProduct_NotSale_Creditcard_LessThan60

2018-08-22 16:15:31 - [TEST_STEP][PASSED] - Statement - productName = SIMPLE_PRODUCT: null

2018-08-22 16:15:31 - [TEST_STEP][PASSED] - Statement - price = SIMPLE_PRODUCT_PRICE: null

2018-08-22 16:15:31 - [TEST_STEP][PASSED] - Statement - r_string = new java.lang.Math().random().toString().substring(2, 8): null

2018-08-22 16:15:31 - [TEST_STEP][PASSED] - Statement - email = "auto" + r_string + "@mailinator.com": null

2018-08-22 16:15:31 - [TEST_STEP][PASSED] - Statement - orderNote = "auto" + r_string + "Order": null

2018-08-22 16:15:31 - [TEST_STEP][PASSED] - Statement - currentNumberItemInCart = <not implemented yet for class: org.codehaus.groovy.ast.expr.EmptyExpression>: null

2018-08-22 16:15:31 - [TEST_STEP][PASSED] - Statement - quantity = 1: null

2018-08-22 16:15:31 - [TEST_STEP][PASSED] - Statement - subtotal = CustomKeywords.beautytap.ShopAction.calculateTotal(quantity, price): beautytap.ShopAction.calculateTotal is PASSED

2018-08-22 16:15:31 - [MESSAGE][PASSED] - beautytap.ShopAction.calculateTotal is PASSED

2018-08-22 16:15:31 - [TEST_STEP][PASSED] - Statement - total = subtotal + SHIPPING_PRICE: null

2018-08-22 16:15:31 - [TEST_STEP][PASSED] - Statement - total = CustomKeywords.beautytap.ShopAction.calculateTotal(1, total): beautytap.ShopAction.calculateTotal is PASSED

2018-08-22 16:15:31 - [MESSAGE][PASSED] - beautytap.ShopAction.calculateTotal is PASSED

2018-08-22 16:15:31 - [TEST_STEP][PASSED] - Statement - products = new org.json.JSONArray((((((([{"productname":" + internal.GlobalVariable.SIMPLE_PRODUCT) + ","variation":"","quantity":") + quantity) + ","price":") + internal.GlobalVariable.SIMPLE_PRODUCT_PRICE) + "}])): null

2018-08-22 16:15:31 - [TEST_STEP][PASSED] - Statement - billingInformation = new org.json.JSONObject((({"firstname":"Test","lastname":"Automation","country":"United States (US)","address":"123 Testing","city":"New York","state":"New York","zip":"90012","email":" + email) + "})): null

2018-08-22 16:15:31 - [TEST_STEP][PASSED] - Statement - shippingLabel = SHIPPING_LABEL: null

2018-08-22 16:15:31 - [TEST_STEP][PASSED] - Statement - shippingPrice = SHIPPING_PRICE: null

2018-08-22 16:15:31 - [TEST_STEP][PASSED] - Statement - shippingType = "normal": null

2018-08-22 16:15:31 - [TEST_STEP][PASSED] - Statement - paymentMethod = "Credit Card Payment": null

2018-08-22 16:15:31 - [TEST_STEP][PASSED] - beautytap.GeneralAction.openBeautytap: beautytap.GeneralAction.openBeautytap is PASSED

2018-08-22 16:15:31 - [MESSAGE][WARNING] - A browser is already opened. Closing browser and opening a new one

2018-08-22 16:15:58 - [MESSAGE][PASSED] - Browser is opened with url: 'https://staging.beautytap.com'

2018-08-22 16:15:59 - [MESSAGE][PASSED] - Current window maximized

2018-08-22 16:16:09 - [MESSAGE][PASSED] - Refresh successfully

2018-08-22 16:16:09 - [MESSAGE][PASSED] - Wait for page load successfully

2018-08-22 16:16:09 - [MESSAGE][PASSED] - beautytap.GeneralAction.openBeautytap is PASSED

2018-08-22 16:16:09 - [TEST_STEP][PASSED] - beautytap.ShopAction.globalSearch: beautytap.ShopAction.globalSearch is PASSED

2018-08-22 16:16:09 - [MESSAGE][PASSED] - Object: 'Object Repository/Page_General/icon_search' is clicked on

2018-08-22 16:16:14 - [MESSAGE][PASSED] - Delayed 5 second(s)

2018-08-22 16:16:15 - [MESSAGE][PASSED] - Text of object 'Object Repository/Page_General/txt_search' is cleared

2018-08-22 16:16:15 - [MESSAGE][PASSED] - Keys 'CONTROL + v' sent to object: 'Object Repository/Page_General/txt_search'

2018-08-22 16:16:16 - [MESSAGE][PASSED] - Object 'Object Repository/Page_General/div_searchResult' is present

2018-08-22 16:16:16 - [MESSAGE][PASSED] - beautytap.ShopAction.globalSearch is PASSED

2018-08-22 16:16:16 - [TEST_STEP][PASSED] - beautytap.ShopAction.VerifyProductOnSearchResult: Keyword VerifyProductOnSearchResult is Passed

2018-08-22 16:16:16 - [MESSAGE][PASSED] - Object '' is present

2018-08-22 16:16:17 - [MESSAGE][PASSED] - Text of object '' is: '$31.80'

2018-08-22 16:16:17 - [MESSAGE][PASSED] - Get CSS 'color' value on '' successfully: 'rgba(255, 35, 134, 1)'.

2018-08-22 16:16:17 - [MESSAGE][PASSED] - Get CSS 'color' value on '' successfully: 'rgba(255, 35, 134, 1)'.

2018-08-22 16:16:17 - [MESSAGE][PASSED] - Keyword VerifyProductOnSearchResult is Passed

2018-08-22 16:16:17 - [TEST_STEP][PASSED] - beautytap.ShopAction.selectProductOnSearchResult: beautytap.ShopAction.selectProductOnSearchResult is PASSED

2018-08-22 16:16:27 - [MESSAGE][PASSED] - Object: '' is clicked on

2018-08-22 16:16:27 - [MESSAGE][PASSED] - Wait for page load successfully

2018-08-22 16:16:27 - [MESSAGE][PASSED] - beautytap.ShopAction.selectProductOnSearchResult is PASSED

2018-08-22 16:16:27 - [TEST_STEP][PASSED] - beautytap.ShopAction.VerifyProductDetails: Keyword VerifyProductDetails is Passed

2018-08-22 16:16:27 - [MESSAGE][PASSED] - Text of object '' is: 'La Muse Correct Care Complete Cushion SPF50+/PA+++'

2018-08-22 16:16:27 - [MESSAGE][PASSED] - Text of object '' is: '$31.80'

2018-08-22 16:16:27 - [MESSAGE][PASSED] - Get CSS 'color' value on '' successfully: 'rgba(255, 35, 134, 1)'.

2018-08-22 16:16:27 - [MESSAGE][PASSED] - Keyword VerifyProductDetails is Passed

2018-08-22 16:16:27 - [TEST_STEP][PASSED] - Statement - currentNumberItemInCart = CustomKeywords.beautytap.ShopAction.getNumberItemInCart(): beautytap.ShopAction.getNumberItemInCart is PASSED

2018-08-22 16:16:59 - [MESSAGE][WARNING] - com.kms.katalon.core.webui.exception.WebElementNotFoundException: Web element with id: '' located by 'By.xpath: //div[@class='header-right-top pull-right']/a[@class='shop-cart']/span[@class='number-cart']' not found
[[ATTACHMENT|E:\\BeautytapAutomation\\beautytapAuto\\Beautytap\\Reports\\TS1\\20180822_160731\\1534929419312.png]]

2018-08-22 16:16:59 - [MESSAGE][PASSED] - beautytap.ShopAction.getNumberItemInCart is PASSED

2018-08-22 16:16:59 - [TEST_STEP][PASSED] - beautytap.ShopAction.addProductToCart: beautytap.ShopAction.addProductToCart is PASSED

2018-08-22 16:16:59 - [MESSAGE][PASSED] - Text of object 'Object Repository/Page_Shop/txt_quantity' is cleared

2018-08-22 16:16:59 - [MESSAGE][PASSED] - Keys '1' sent to object: 'Object Repository/Page_Shop/txt_quantity'

2018-08-22 16:17:00 - [MESSAGE][PASSED] - Object: 'Object Repository/Page_Shop/btn_addToCart' is clicked on

2018-08-22 16:17:00 - [MESSAGE][PASSED] - Wait for page load successfully

2018-08-22 16:17:09 - [MESSAGE][PASSED] - Object 'Object Repository/Page_Shop/lbl_message' is present

2018-08-22 16:17:09 - [MESSAGE][PASSED] - beautytap.ShopAction.addProductToCart is PASSED

2018-08-22 16:17:09 - [TEST_STEP][PASSED] - beautytap.ShopAction.VerifyNumberItemInCart: Keyword VerifyNumberItemInCart is Passed, Number item in cart is 1, expected is 1

2018-08-22 16:17:09 - [MESSAGE][PASSED] - Object '' is present

2018-08-22 16:17:09 - [MESSAGE][PASSED] - Text of object '' is: '1'

2018-08-22 16:17:09 - [MESSAGE][PASSED] - Keyword VerifyNumberItemInCart is Passed, Number item in cart is 1, expected is 1

2018-08-22 16:17:09 - [TEST_STEP][PASSED] - beautytap.ShopAction.VerifyProductIsAddedToCart: beautytap.ShopAction.VerifyProductIsAddedToCart is PASSED

2018-08-22 16:17:40 - [MESSAGE][WARNING] - com.kms.katalon.core.webui.exception.WebElementNotFoundException: Web element with id: '' located by 'By.xpath: //div[@class='woocommerce-message' and contains(text(),'La Muse Correct Care Complete Cushion SPF50+/PA+++” have been added to your cart.')]' not found
[[ATTACHMENT|E:\\BeautytapAutomation\\beautytapAuto\\Beautytap\\Reports\\TS1\\20180822_160731\\1534929460626.png]]

2018-08-22 16:17:40 - [MESSAGE][PASSED] - beautytap.ShopAction.VerifyProductIsAddedToCart is PASSED

2018-08-22 16:17:40 - [TEST_STEP][PASSED] - beautytap.ShopAction.goToCart: beautytap.ShopAction.goToCart is PASSED

2018-08-22 16:17:46 - [MESSAGE][PASSED] - Object: 'Object Repository/Page_General/icon_cart' is clicked on

2018-08-22 16:17:46 - [MESSAGE][PASSED] - Wait for page load successfully

2018-08-22 16:17:46 - [MESSAGE][PASSED] - beautytap.ShopAction.goToCart is PASSED

2018-08-22 16:17:46 - [TEST_STEP][PASSED] - beautytap.ShopAction.VerifyProductInCart: Keyword VerifyProductInCart is Passed

2018-08-22 16:17:46 - [MESSAGE][PASSED] - Object '' is present

2018-08-22 16:17:46 - [MESSAGE][PASSED] - Text of object '' is: '$31.80'

2018-08-22 16:17:46 - [MESSAGE][PASSED] - Attribute 'value' of object '' is: '1'

2018-08-22 16:17:46 - [MESSAGE][PASSED] - Text of object '' is: '$31.80'

2018-08-22 16:17:46 - [MESSAGE][PASSED] - Keyword VerifyProductInCart is Passed

2018-08-22 16:17:46 - [TEST_STEP][PASSED] - beautytap.ShopAction.processToCheckout: beautytap.ShopAction.processToCheckout is PASSED

2018-08-22 16:17:56 - [MESSAGE][PASSED] - Object: 'Object Repository/Page_Cart/btn_checkout' is clicked on

2018-08-22 16:17:56 - [MESSAGE][PASSED] - Wait for page load successfully

2018-08-22 16:17:56 - [MESSAGE][PASSED] - beautytap.ShopAction.processToCheckout is PASSED

2018-08-22 16:17:56 - [TEST_STEP][PASSED] - beautytap.ShopAction.fillCustomerInformation: beautytap.ShopAction.fillCustomerInformation is PASSED

2018-08-22 16:17:56 - [MESSAGE][PASSED] - Text of object 'Object Repository/Page_Checkout/txt_billingFirstName' is cleared

2018-08-22 16:17:56 - [MESSAGE][PASSED] - Keys 'Test' sent to object: 'Object Repository/Page_Checkout/txt_billingFirstName'

2018-08-22 16:17:56 - [MESSAGE][PASSED] - Text of object 'Object Repository/Page_Checkout/txt_billingLastName' is cleared

2018-08-22 16:17:57 - [MESSAGE][PASSED] - Keys 'Automation' sent to object: 'Object Repository/Page_Checkout/txt_billingLastName'

2018-08-22 16:17:57 - [MESSAGE][PASSED] - All options with label 'United States (US)' are selected in object 'Object Repository/Page_Checkout/drop_billingCountry' 

2018-08-22 16:18:02 - [MESSAGE][PASSED] - Delayed 5 second(s)

2018-08-22 16:18:02 - [MESSAGE][PASSED] - Text of object 'Object Repository/Page_Checkout/txt_billingAddress' is cleared

2018-08-22 16:18:03 - [MESSAGE][PASSED] - Keys '123 Testing' sent to object: 'Object Repository/Page_Checkout/txt_billingAddress'

2018-08-22 16:18:03 - [MESSAGE][PASSED] - Text of object 'Object Repository/Page_Checkout/txt_billingCity' is cleared

2018-08-22 16:18:03 - [MESSAGE][PASSED] - Keys 'New York' sent to object: 'Object Repository/Page_Checkout/txt_billingCity'

2018-08-22 16:18:03 - [MESSAGE][PASSED] - All options with label 'New York' are selected in object 'Object Repository/Page_Checkout/drop_billingState' 

2018-08-22 16:18:03 - [MESSAGE][PASSED] - Text of object 'Object Repository/Page_Checkout/txt_billingZip' is cleared

2018-08-22 16:18:03 - [MESSAGE][PASSED] - Keys '90012' sent to object: 'Object Repository/Page_Checkout/txt_billingZip'

2018-08-22 16:18:03 - [MESSAGE][PASSED] - Text of object 'Object Repository/Page_Checkout/txt_billingEmail' is cleared

2018-08-22 16:18:04 - [MESSAGE][PASSED] - Keys 'auto048461@mailinator.com' sent to object: 'Object Repository/Page_Checkout/txt_billingEmail'

2018-08-22 16:18:04 - [MESSAGE][PASSED] - Object 'Object Repository/Page_Checkout/chk_shipToDifferentAddress' is un-checked

2018-08-22 16:18:04 - [MESSAGE][PASSED] - Text of object 'Object Repository/Page_Checkout/txt_orderNote' is cleared

2018-08-22 16:18:05 - [MESSAGE][PASSED] - Keys 'auto048461Order' sent to object: 'Object Repository/Page_Checkout/txt_orderNote'

2018-08-22 16:18:05 - [MESSAGE][PASSED] - Object 'Object Repository/Page_Checkout/radio_creditCard' is checked

2018-08-22 16:18:10 - [MESSAGE][PASSED] - Delayed 5 second(s)

2018-08-22 16:18:10 - [MESSAGE][PASSED] - beautytap.ShopAction.fillCustomerInformation is PASSED

2018-08-22 16:18:10 - [TEST_STEP][PASSED] - beautytap.ShopAction.VerifyOrderDetailsOnCheckout: Keyword VerifyOrderDetailsOnCheckout is Passed

2018-08-22 16:18:10 - [MESSAGE][PASSED] - Object '' is present

2018-08-22 16:18:10 - [MESSAGE][PASSED] - Text of object '' is: '$31.80'

2018-08-22 16:18:10 - [MESSAGE][PASSED] - Object '' has attribute 'checked'

2018-08-22 16:18:10 - [MESSAGE][PASSED] - Text of object '' is: '($12.50) Pantos (est. 14-25 working days including processing): $12.50'

2018-08-22 16:18:10 - [MESSAGE][PASSED] - Text of object '' is: '$12.50'

2018-08-22 16:18:10 - [MESSAGE][PASSED] - Text of object '' is: '$44.30'

2018-08-22 16:18:10 - [MESSAGE][PASSED] - Keyword VerifyOrderDetailsOnCheckout is Passed

2018-08-22 16:18:10 - [TEST_STEP][PASSED] - beautytap.ShopAction.checkoutViaCreditCard: beautytap.ShopAction.checkoutViaCreditCard is PASSED

2018-08-22 16:18:10 - [MESSAGE][PASSED] - Object 'Object Repository/Page_Checkout/radio_creditCard' is checked

2018-08-22 16:18:20 - [MESSAGE][PASSED] - Delayed 10 second(s)

2018-08-22 16:18:20 - [MESSAGE][PASSED] - Text of object 'Object Repository/Page_Checkout/txt_cardNumber' is cleared

2018-08-22 16:18:21 - [MESSAGE][PASSED] - Keys '4032036248443549' sent to object: 'Object Repository/Page_Checkout/txt_cardNumber'

2018-08-22 16:18:21 - [MESSAGE][PASSED] - All options with label 'Visa' are selected in object 'Object Repository/Page_Checkout/drop_cardType' 

2018-08-22 16:18:21 - [MESSAGE][PASSED] - All options with label '07' are selected in object 'Object Repository/Page_Checkout/drop_expirationMonth' 

2018-08-22 16:18:21 - [MESSAGE][PASSED] - All options with label '2023' are selected in object 'Object Repository/Page_Checkout/drop_expirationYear' 

2018-08-22 16:18:21 - [MESSAGE][PASSED] - Text of object 'Object Repository/Page_Checkout/txt_cardCVV' is cleared

2018-08-22 16:18:21 - [MESSAGE][PASSED] - Keys '123' sent to object: 'Object Repository/Page_Checkout/txt_cardCVV'

2018-08-22 16:18:22 - [MESSAGE][PASSED] - Object 'Object Repository/Page_Checkout/chk_terms' is checked

2018-08-22 16:18:22 - [MESSAGE][PASSED] - Object: 'Object Repository/Page_Checkout/btn_placeOrder' is clicked on

2018-08-22 16:18:40 - [MESSAGE][PASSED] - Object 'Object Repository/Page_Checkout/lbl_orderReceived' is present

2018-08-22 16:18:40 - [MESSAGE][PASSED] - beautytap.ShopAction.checkoutViaCreditCard is PASSED

2018-08-22 16:18:40 - [TEST_STEP][PASSED] - beautytap.ShopAction.VerifyOrderReceivedDetails: Keyword VerifyOrderReceivedDetails is Passed

2018-08-22 16:18:40 - [MESSAGE][PASSED] - Object '' is present

2018-08-22 16:18:40 - [MESSAGE][PASSED] - Text of object '' is: '$31.80'

2018-08-22 16:18:41 - [MESSAGE][PASSED] - Text of object '' is: '$12.50 via ($12.50) Pantos (est. 14-25 working days including processing)'

2018-08-22 16:18:41 - [MESSAGE][PASSED] - Object '' is present

2018-08-22 16:18:41 - [MESSAGE][PASSED] - Text of object '' is: '$12.50'

2018-08-22 16:18:41 - [MESSAGE][PASSED] - Text of object '' is: 'Credit Card Payment'

2018-08-22 16:18:41 - [MESSAGE][PASSED] - Text of object '' is: '$44.30'

2018-08-22 16:18:41 - [MESSAGE][PASSED] - Keyword VerifyOrderReceivedDetails is Passed

2018-08-22 16:18:41 - [TEST_STEP][PASSED] - closeBrowser: Browser is closed

2018-08-22 16:18:42 - [MESSAGE][PASSED] - Browser is closed]]></system-out>
         <system-err><![CDATA[]]></system-err>
      </testcase>
      <testcase name="Test Cases/Shop/TC04_Search_VariationProduct_NotSale_AmazonPay_GreaterThan200" classname="Test Cases/Shop/TC04_Search_VariationProduct_NotSale_AmazonPay_GreaterThan200" status="PASSED">
         <system-out><![CDATA[2018-08-22 16:18:42 - [TEST_CASE][PASSED] - Test Cases/Shop/TC04_Search_VariationProduct_NotSale_AmazonPay_GreaterThan200: Test Cases/Shop/TC04_Search_VariationProduct_NotSale_AmazonPay_GreaterThan200

2018-08-22 16:18:42 - [TEST_STEP][PASSED] - Statement - productName = VARIATION_PRODUCT: null

2018-08-22 16:18:42 - [TEST_STEP][PASSED] - Statement - price = VARIATION_PRICE1: null

2018-08-22 16:18:42 - [TEST_STEP][PASSED] - Statement - variation = VARIATION_NAME1: null

2018-08-22 16:18:42 - [TEST_STEP][PASSED] - Statement - r_string = new java.lang.Math().random().toString().substring(2, 8): null

2018-08-22 16:18:42 - [TEST_STEP][PASSED] - Statement - email = "auto" + r_string + "@mailinator.com": null

2018-08-22 16:18:42 - [TEST_STEP][PASSED] - Statement - orderNote = "auto" + r_string + "Order": null

2018-08-22 16:18:42 - [TEST_STEP][PASSED] - Statement - currentNumberItemInCart = <not implemented yet for class: org.codehaus.groovy.ast.expr.EmptyExpression>: null

2018-08-22 16:18:42 - [TEST_STEP][PASSED] - Statement - quantity = 8: null

2018-08-22 16:18:42 - [TEST_STEP][PASSED] - Statement - subtotal = CustomKeywords.beautytap.ShopAction.calculateTotal(quantity, price): beautytap.ShopAction.calculateTotal is PASSED

2018-08-22 16:18:42 - [MESSAGE][PASSED] - beautytap.ShopAction.calculateTotal is PASSED

2018-08-22 16:18:42 - [TEST_STEP][PASSED] - Statement - total = subtotal: null

2018-08-22 16:18:42 - [TEST_STEP][PASSED] - Statement - total = CustomKeywords.beautytap.ShopAction.calculateTotal(1, total): beautytap.ShopAction.calculateTotal is PASSED

2018-08-22 16:18:42 - [MESSAGE][PASSED] - beautytap.ShopAction.calculateTotal is PASSED

2018-08-22 16:18:42 - [TEST_STEP][PASSED] - Statement - products = new org.json.JSONArray((((((((([{"productname":" + internal.GlobalVariable.VARIATION_PRODUCT) + ","variation":") + internal.GlobalVariable.VARIATION_NAME1) + ","quantity":") + quantity) + ","price":") + internal.GlobalVariable.VARIATION_PRICE1) + "}])): null

2018-08-22 16:18:42 - [TEST_STEP][PASSED] - Statement - billingInformation = new org.json.JSONObject((({"firstname":"Test","lastname":"Automation","country":"United States (US)","address":"123 Testing","city":"New York","state":"New York","zip":"90012","email":" + email) + "})): null

2018-08-22 16:18:42 - [TEST_STEP][PASSED] - Statement - shippingLabel = FREE_EMS_SHIPPING_LABEL: null

2018-08-22 16:18:42 - [TEST_STEP][PASSED] - Statement - shippingPrice = 0: null

2018-08-22 16:18:42 - [TEST_STEP][PASSED] - Statement - shippingType = "freeEMS": null

2018-08-22 16:18:42 - [TEST_STEP][PASSED] - Statement - paymentMethod = "Amazon Pay": null

2018-08-22 16:18:42 - [TEST_STEP][PASSED] - beautytap.GeneralAction.openBeautytap: beautytap.GeneralAction.openBeautytap is PASSED

2018-08-22 16:19:01 - [MESSAGE][PASSED] - Browser is opened with url: 'https://staging.beautytap.com'

2018-08-22 16:19:02 - [MESSAGE][PASSED] - Current window maximized

2018-08-22 16:19:13 - [MESSAGE][PASSED] - Refresh successfully

2018-08-22 16:19:13 - [MESSAGE][PASSED] - Wait for page load successfully

2018-08-22 16:19:13 - [MESSAGE][PASSED] - beautytap.GeneralAction.openBeautytap is PASSED

2018-08-22 16:19:13 - [TEST_STEP][PASSED] - beautytap.ShopAction.globalSearch: beautytap.ShopAction.globalSearch is PASSED

2018-08-22 16:19:13 - [MESSAGE][PASSED] - Object: 'Object Repository/Page_General/icon_search' is clicked on

2018-08-22 16:19:18 - [MESSAGE][PASSED] - Delayed 5 second(s)

2018-08-22 16:19:18 - [MESSAGE][PASSED] - Text of object 'Object Repository/Page_General/txt_search' is cleared

2018-08-22 16:19:18 - [MESSAGE][PASSED] - Keys 'CONTROL + v' sent to object: 'Object Repository/Page_General/txt_search'

2018-08-22 16:19:20 - [MESSAGE][PASSED] - Object 'Object Repository/Page_General/div_searchResult' is present

2018-08-22 16:19:20 - [MESSAGE][PASSED] - beautytap.ShopAction.globalSearch is PASSED

2018-08-22 16:19:20 - [TEST_STEP][PASSED] - beautytap.ShopAction.VerifyProductOnSearchResult: Keyword VerifyProductOnSearchResult is Passed

2018-08-22 16:19:20 - [MESSAGE][PASSED] - Object '' is present

2018-08-22 16:19:21 - [MESSAGE][PASSED] - Text of object '' is: '$26.70'

2018-08-22 16:19:21 - [MESSAGE][PASSED] - Get CSS 'color' value on '' successfully: 'rgba(255, 35, 134, 1)'.

2018-08-22 16:19:21 - [MESSAGE][PASSED] - Get CSS 'color' value on '' successfully: 'rgba(255, 35, 134, 1)'.

2018-08-22 16:19:21 - [MESSAGE][PASSED] - Keyword VerifyProductOnSearchResult is Passed

2018-08-22 16:19:21 - [TEST_STEP][PASSED] - beautytap.ShopAction.selectProductOnSearchResult: beautytap.ShopAction.selectProductOnSearchResult is PASSED

2018-08-22 16:19:32 - [MESSAGE][PASSED] - Object: '' is clicked on

2018-08-22 16:19:32 - [MESSAGE][PASSED] - Wait for page load successfully

2018-08-22 16:19:32 - [MESSAGE][PASSED] - beautytap.ShopAction.selectProductOnSearchResult is PASSED

2018-08-22 16:19:32 - [TEST_STEP][PASSED] - beautytap.ShopAction.selectProductVariation: beautytap.ShopAction.selectProductVariation is PASSED

2018-08-22 16:19:32 - [MESSAGE][PASSED] - Object: 'Object Repository/Page_Shop/drop_chooseOption' is clicked on

2018-08-22 16:19:33 - [MESSAGE][PASSED] - Delayed 1 second(s)

2018-08-22 16:19:33 - [MESSAGE][PASSED] - Object: '' is clicked on

2018-08-22 16:19:33 - [MESSAGE][PASSED] - beautytap.ShopAction.selectProductVariation is PASSED

2018-08-22 16:19:33 - [TEST_STEP][PASSED] - beautytap.ShopAction.VerifyProductDetails: Keyword VerifyProductDetails is Passed

2018-08-22 16:19:33 - [MESSAGE][PASSED] - Text of object '' is: 'MeloMELI Unicorn Heart Lake Cushion — 2 Choices'

2018-08-22 16:19:34 - [MESSAGE][PASSED] - All options with label 'Vanilla Beige' are selected in object 'Object Repository/Page_Shop/drop_chooseOption' 

2018-08-22 16:19:34 - [MESSAGE][PASSED] - Text of object '' is: '$26.70'

2018-08-22 16:19:34 - [MESSAGE][PASSED] - Get CSS 'color' value on '' successfully: 'rgba(255, 35, 134, 1)'.

2018-08-22 16:19:34 - [MESSAGE][PASSED] - Keyword VerifyProductDetails is Passed

2018-08-22 16:19:34 - [TEST_STEP][PASSED] - Statement - currentNumberItemInCart = CustomKeywords.beautytap.ShopAction.getNumberItemInCart(): beautytap.ShopAction.getNumberItemInCart is PASSED

2018-08-22 16:20:06 - [MESSAGE][WARNING] - com.kms.katalon.core.webui.exception.WebElementNotFoundException: Web element with id: '' located by 'By.xpath: //div[@class='header-right-top pull-right']/a[@class='shop-cart']/span[@class='number-cart']' not found
[[ATTACHMENT|E:\\BeautytapAutomation\\beautytapAuto\\Beautytap\\Reports\\TS1\\20180822_160731\\1534929605874.png]]

2018-08-22 16:20:06 - [MESSAGE][PASSED] - beautytap.ShopAction.getNumberItemInCart is PASSED

2018-08-22 16:20:06 - [TEST_STEP][PASSED] - beautytap.ShopAction.addProductToCart: beautytap.ShopAction.addProductToCart is PASSED

2018-08-22 16:20:06 - [MESSAGE][PASSED] - Text of object 'Object Repository/Page_Shop/txt_quantity' is cleared

2018-08-22 16:20:06 - [MESSAGE][PASSED] - Keys '8' sent to object: 'Object Repository/Page_Shop/txt_quantity'

2018-08-22 16:20:06 - [MESSAGE][PASSED] - Object: 'Object Repository/Page_Shop/btn_addToCart' is clicked on

2018-08-22 16:20:06 - [MESSAGE][PASSED] - Wait for page load successfully

2018-08-22 16:20:16 - [MESSAGE][PASSED] - Object 'Object Repository/Page_Shop/lbl_message' is present

2018-08-22 16:20:16 - [MESSAGE][PASSED] - beautytap.ShopAction.addProductToCart is PASSED

2018-08-22 16:20:16 - [TEST_STEP][PASSED] - beautytap.ShopAction.VerifyNumberItemInCart: Keyword VerifyNumberItemInCart is Passed, Number item in cart is 8, expected is 8

2018-08-22 16:20:16 - [MESSAGE][PASSED] - Object '' is present

2018-08-22 16:20:16 - [MESSAGE][PASSED] - Text of object '' is: '8'

2018-08-22 16:20:16 - [MESSAGE][PASSED] - Keyword VerifyNumberItemInCart is Passed, Number item in cart is 8, expected is 8

2018-08-22 16:20:16 - [TEST_STEP][PASSED] - beautytap.ShopAction.VerifyProductIsAddedToCart: beautytap.ShopAction.VerifyProductIsAddedToCart is PASSED

2018-08-22 16:20:16 - [MESSAGE][PASSED] - Object '' is present

2018-08-22 16:20:16 - [MESSAGE][PASSED] - beautytap.ShopAction.VerifyProductIsAddedToCart is PASSED

2018-08-22 16:20:16 - [TEST_STEP][PASSED] - beautytap.ShopAction.goToCart: beautytap.ShopAction.goToCart is PASSED

2018-08-22 16:20:23 - [MESSAGE][PASSED] - Object: 'Object Repository/Page_General/icon_cart' is clicked on

2018-08-22 16:20:23 - [MESSAGE][PASSED] - Wait for page load successfully

2018-08-22 16:20:23 - [MESSAGE][PASSED] - beautytap.ShopAction.goToCart is PASSED

2018-08-22 16:20:23 - [TEST_STEP][PASSED] - beautytap.ShopAction.VerifyProductInCart: Keyword VerifyProductInCart is Passed

2018-08-22 16:20:23 - [MESSAGE][PASSED] - Object '' is present

2018-08-22 16:20:23 - [MESSAGE][PASSED] - Text of object '' is: '$26.70'

2018-08-22 16:20:23 - [MESSAGE][PASSED] - Attribute 'value' of object '' is: '8'

2018-08-22 16:20:23 - [MESSAGE][PASSED] - Text of object '' is: '$213.60'

2018-08-22 16:20:23 - [MESSAGE][PASSED] - Keyword VerifyProductInCart is Passed

2018-08-22 16:20:23 - [TEST_STEP][PASSED] - beautytap.ShopAction.processToCheckout: beautytap.ShopAction.processToCheckout is PASSED

2018-08-22 16:20:27 - [MESSAGE][PASSED] - Object: 'Object Repository/Page_Cart/btn_checkout' is clicked on

2018-08-22 16:20:27 - [MESSAGE][PASSED] - Wait for page load successfully

2018-08-22 16:20:27 - [MESSAGE][PASSED] - beautytap.ShopAction.processToCheckout is PASSED

2018-08-22 16:20:27 - [TEST_STEP][PASSED] - beautytap.ShopAction.loginAmazonPay: beautytap.ShopAction.loginAmazonPay is PASSED

2018-08-22 16:20:28 - [MESSAGE][PASSED] - Object: 'Object Repository/Page_Checkout/btn_amazonPay' is clicked on

2018-08-22 16:20:28 - [MESSAGE][PASSED] - Switched to window with index: '1'

2018-08-22 16:20:29 - [MESSAGE][PASSED] - Object 'Object Repository/Popup_Amazon/txt_email' is present

2018-08-22 16:20:29 - [MESSAGE][PASSED] - Text of object 'Object Repository/Popup_Amazon/txt_email' is cleared

2018-08-22 16:20:30 - [MESSAGE][PASSED] - Keys 'amazontest1503@yopmail.com' sent to object: 'Object Repository/Popup_Amazon/txt_email'

2018-08-22 16:20:30 - [MESSAGE][PASSED] - Text of object 'Object Repository/Popup_Amazon/txt_password' is cleared

2018-08-22 16:20:30 - [MESSAGE][PASSED] - Keys '123456' sent to object: 'Object Repository/Popup_Amazon/txt_password'

2018-08-22 16:20:32 - [MESSAGE][PASSED] - Object: 'Object Repository/Popup_Amazon/btn_signin' is clicked on

2018-08-22 16:20:32 - [MESSAGE][PASSED] - Switched to window with index: '0'

2018-08-22 16:21:02 - [MESSAGE][PASSED] - Delayed 30 second(s)

2018-08-22 16:21:02 - [MESSAGE][PASSED] - beautytap.ShopAction.loginAmazonPay is PASSED

2018-08-22 16:21:02 - [TEST_STEP][PASSED] - beautytap.ShopAction.VerifyOrderDetailsOnCheckout: Keyword VerifyOrderDetailsOnCheckout is Passed

2018-08-22 16:21:02 - [MESSAGE][PASSED] - Object '' is present

2018-08-22 16:21:03 - [MESSAGE][PASSED] - Text of object '' is: '$213.60'

2018-08-22 16:21:03 - [MESSAGE][PASSED] - Text of object '' is: 'Free EMS shipping (over $200)
Why does shipping take this long?'

2018-08-22 16:21:03 - [MESSAGE][PASSED] - Text of object '' is: '$213.60'

2018-08-22 16:21:03 - [MESSAGE][PASSED] - Keyword VerifyOrderDetailsOnCheckout is Passed

2018-08-22 16:21:03 - [TEST_STEP][PASSED] - beautytap.ShopAction.checkoutViaAmazonPay: beautytap.ShopAction.checkoutViaAmazonPay is PASSED

2018-08-22 16:21:03 - [MESSAGE][PASSED] - Object 'Object Repository/Page_Checkout/chk_terms' is clickable

2018-08-22 16:21:03 - [MESSAGE][PASSED] - Object 'Object Repository/Page_Checkout/chk_terms' is checked

2018-08-22 16:21:03 - [MESSAGE][PASSED] - Object: 'Object Repository/Page_Checkout/btn_placeOrder' is clicked on

2018-08-22 16:21:20 - [MESSAGE][PASSED] - Object 'Object Repository/Page_Checkout/lbl_orderReceived' is present

2018-08-22 16:21:20 - [MESSAGE][PASSED] - beautytap.ShopAction.checkoutViaAmazonPay is PASSED

2018-08-22 16:21:20 - [TEST_STEP][PASSED] - beautytap.ShopAction.VerifyOrderReceivedDetails: Keyword VerifyOrderReceivedDetails is Passed

2018-08-22 16:21:20 - [MESSAGE][PASSED] - Object '' is present

2018-08-22 16:21:20 - [MESSAGE][PASSED] - Text of object '' is: '$213.60'

2018-08-22 16:21:20 - [MESSAGE][PASSED] - Text of object '' is: 'Free EMS shipping (over $200)'

2018-08-22 16:21:51 - [MESSAGE][WARNING] - com.kms.katalon.core.webui.exception.WebElementNotFoundException: Web element with id: '' located by 'By.xpath: //th[text()='Shipping:']/parent::tr/td/span' not found
[[ATTACHMENT|E:\\BeautytapAutomation\\beautytapAuto\\Beautytap\\Reports\\TS1\\20180822_160731\\1534929711480.png]]

2018-08-22 16:21:51 - [MESSAGE][PASSED] - Text of object '' is: 'Amazon Pay'

2018-08-22 16:21:51 - [MESSAGE][PASSED] - Text of object '' is: '$213.60'

2018-08-22 16:21:51 - [MESSAGE][PASSED] - Keyword VerifyOrderReceivedDetails is Passed

2018-08-22 16:21:51 - [TEST_STEP][PASSED] - closeBrowser: Browser is closed

2018-08-22 16:21:52 - [MESSAGE][PASSED] - Browser is closed]]></system-out>
         <system-err><![CDATA[]]></system-err>
      </testcase>
      <system-out><![CDATA[2018-08-22 16:07:33 - [TEST_SUITE][FAILED] - TS1: Test Cases/SignUp_Login_ResetPass/TC01_SignUp_Login_ResetPassword_Via_Email FAILED because (of) Unable to click on object '' (Root cause: org.openqa.selenium.StaleElementReferenceException: stale element reference: element is not attached to the page document
  (Session info: chrome=68.0.3440.106)
  (Driver info: chromedriver=2.35.528161 (5b82f2d2aae0ca24b877009200ced9065a772e73),platform=Windows NT 10.0.17134 x86_64) (WARNING: The server did not provide any stacktrace information)
Command duration or timeout: 0 milliseconds
For documentation on this error, please visit: http://seleniumhq.org/exceptions/stale_element_reference.html
Build info: version: '3.7.1', revision: '8a0099a', time: '2017-11-06T21:07:36.161Z'
System info: host: 'DESKTOP-G1UHP65', ip: '10.0.0.151', os.name: 'Windows 10', os.arch: 'amd64', os.version: '10.0', java.version: '1.8.0_102'
Driver info: com.kms.katalon.selenium.driver.CChromeDriver
Capabilities {acceptInsecureCerts: false, acceptSslCerts: false, applicationCacheEnabled: false, browserConnectionEnabled: false, browserName: chrome, chrome: {chromedriverVersion: 2.35.528161 (5b82f2d2aae0ca..., userDataDir: C:\Users\TRANGN~1\AppData\L...}, cssSelectorsEnabled: true, databaseEnabled: false, handlesAlerts: true, hasTouchScreen: false, javascriptEnabled: true, locationContextEnabled: true, mobileEmulationEnabled: false, nativeEvents: true, networkConnectionEnabled: false, pageLoadStrategy: normal, platform: XP, platformName: XP, rotatable: false, setWindowRect: true, takesHeapSnapshot: true, takesScreenshot: true, unexpectedAlertBehaviour: , unhandledPromptBehavior: , version: 68.0.3440.106, webStorageEnabled: true}
Session ID: 1e00079db9e0c32248495df10a95f1b4)]]></system-out>
      <system-err><![CDATA[2018-08-22 16:07:33 - [TEST_SUITE][FAILED] - TS1: Test Cases/SignUp_Login_ResetPass/TC01_SignUp_Login_ResetPassword_Via_Email FAILED because (of) Unable to click on object '' (Root cause: org.openqa.selenium.StaleElementReferenceException: stale element reference: element is not attached to the page document
  (Session info: chrome=68.0.3440.106)
  (Driver info: chromedriver=2.35.528161 (5b82f2d2aae0ca24b877009200ced9065a772e73),platform=Windows NT 10.0.17134 x86_64) (WARNING: The server did not provide any stacktrace information)
Command duration or timeout: 0 milliseconds
For documentation on this error, please visit: http://seleniumhq.org/exceptions/stale_element_reference.html
Build info: version: '3.7.1', revision: '8a0099a', time: '2017-11-06T21:07:36.161Z'
System info: host: 'DESKTOP-G1UHP65', ip: '10.0.0.151', os.name: 'Windows 10', os.arch: 'amd64', os.version: '10.0', java.version: '1.8.0_102'
Driver info: com.kms.katalon.selenium.driver.CChromeDriver
Capabilities {acceptInsecureCerts: false, acceptSslCerts: false, applicationCacheEnabled: false, browserConnectionEnabled: false, browserName: chrome, chrome: {chromedriverVersion: 2.35.528161 (5b82f2d2aae0ca..., userDataDir: C:\Users\TRANGN~1\AppData\L...}, cssSelectorsEnabled: true, databaseEnabled: false, handlesAlerts: true, hasTouchScreen: false, javascriptEnabled: true, locationContextEnabled: true, mobileEmulationEnabled: false, nativeEvents: true, networkConnectionEnabled: false, pageLoadStrategy: normal, platform: XP, platformName: XP, rotatable: false, setWindowRect: true, takesHeapSnapshot: true, takesScreenshot: true, unexpectedAlertBehaviour: , unhandledPromptBehavior: , version: 68.0.3440.106, webStorageEnabled: true}
Session ID: 1e00079db9e0c32248495df10a95f1b4)]]></system-err>
   </testsuite>
</testsuites>
