<?xml version="1.0" encoding="UTF-8"?>
<testsuites name="TS1" time="748" tests="2" failures="4" errors="0">
   <testsuite name="TS1" tests="2" failures="4" errors="0" time="748" timestamp="2018-09-20 18:49:53" hostname="Trang Nguyen - DESKTOP-G1UHP65" id="Test Suites/TS1">
      <properties>
         <property name="deviceName" value=""/>
         <property name="devicePlatform" value=""/>
         <property name="logFolder" value="E:\\BeautytapAutomation\\beautytapAuto\\Beautytap\\Reports\\TS1\\20180920_184950"/>
         <property name="logFiles" value="E:\\BeautytapAutomation\\beautytapAuto\\Beautytap\\Reports\\TS1\\20180920_184950\\execution0.log"/>
         <property name="attachments" value="E:\\BeautytapAutomation\\beautytapAuto\\Beautytap\\Reports\\TS1\\20180920_184950\\1537444411574.png, E:\\BeautytapAutomation\\beautytapAuto\\Beautytap\\Reports\\TS1\\20180920_184950\\1537444411908.png, E:\\BeautytapAutomation\\beautytapAuto\\Beautytap\\Reports\\TS1\\20180920_184950\\1537444496226.png, E:\\BeautytapAutomation\\beautytapAuto\\Beautytap\\Reports\\TS1\\20180920_184950\\1537444496529.png, E:\\BeautytapAutomation\\beautytapAuto\\Beautytap\\Reports\\TS1\\20180920_184950\\1537444685017.png, E:\\BeautytapAutomation\\beautytapAuto\\Beautytap\\Reports\\TS1\\20180920_184950\\1537444749815.png, E:\\BeautytapAutomation\\beautytapAuto\\Beautytap\\Reports\\TS1\\20180920_184950\\1537444779517.png, E:\\BeautytapAutomation\\beautytapAuto\\Beautytap\\Reports\\TS1\\20180920_184950\\1537444793952.png, E:\\BeautytapAutomation\\beautytapAuto\\Beautytap\\Reports\\TS1\\20180920_184950\\1537444838251.png, E:\\BeautytapAutomation\\beautytapAuto\\Beautytap\\Reports\\TS1\\20180920_184950\\1537444885731.png, E:\\BeautytapAutomation\\beautytapAuto\\Beautytap\\Reports\\TS1\\20180920_184950\\1537444938786.png"/>
         <property name="hostName" value="Trang Nguyen - DESKTOP-G1UHP65"/>
         <property name="os" value="Windows 10 64bit"/>
         <property name="katalonVersion" value="5.5.0.1"/>
         <property name="browser" value="Chrome 69.0.3497.100"/>
         <property name="hostAddress" value="10.0.0.86"/>
         <property name="sessionId" value="7b9a3f8d23218450ad42a0635040cb42"/>
         <property name="seleniumVersion" value="3.7.1"/>
         <property name="proxyInformation" value="ProxyInformation{proxyOption=NO_PROXY, proxyServerType=HTTP, password=, proxyServerAddress=, proxyServerPort=0}"/>
         <property name="platform" value="Windows 10"/>
      </properties>
      <testcase name="Test Cases/SignUp_Login_ResetPass/TC01_SignUp_Login_ResetPassword_Via_Email" classname="Test Cases/SignUp_Login_ResetPass/TC01_SignUp_Login_ResetPassword_Via_Email" status="PASSED">
         <system-out><![CDATA[2018-09-20 18:49:53 - [TEST_CASE][PASSED] - Test Cases/SignUp_Login_ResetPass/TC01_SignUp_Login_ResetPassword_Via_Email: Test Cases/SignUp_Login_ResetPass/TC01_SignUp_Login_ResetPassword_Via_Email

2018-09-20 18:49:54 - [TEST_STEP][PASSED] - Statement - r_string = new java.lang.Math().random().toString().substring(2, 8): null

2018-09-20 18:49:54 - [TEST_STEP][PASSED] - Statement - username = "auto" + r_string: null

2018-09-20 18:49:54 - [TEST_STEP][PASSED] - Statement - email = username + "@mailinator.com": null

2018-09-20 18:49:54 - [TEST_STEP][PASSED] - Statement - password = "123456": null

2018-09-20 18:49:54 - [TEST_STEP][PASSED] - Statement - newpassword = "test123": null

2018-09-20 18:49:55 - [TEST_STEP][PASSED] - Statement - name = "Auto User " + r_string: null

2018-09-20 18:49:55 - [TEST_STEP][PASSED] - Statement - birthday = "01/01/1990": null

2018-09-20 18:49:55 - [TEST_STEP][PASSED] - Statement - activation_subject = SITE_TITLE + " Activate your account": null

2018-09-20 18:49:55 - [TEST_STEP][PASSED] - Statement - resetpass_subject = SITE_TITLE + " Password Reset": null

2018-09-20 18:49:55 - [TEST_STEP][PASSED] - beautytap.GeneralAction.openBeautytap: beautytap.GeneralAction.openBeautytap is PASSED

2018-09-20 18:50:26 - [MESSAGE][PASSED] - Browser is opened with url: 'https://stage.beautytap.com'

2018-09-20 18:50:27 - [MESSAGE][PASSED] - Current window maximized

2018-09-20 18:50:32 - [MESSAGE][PASSED] - Refresh successfully

2018-09-20 18:50:32 - [MESSAGE][PASSED] - Wait for page load successfully

2018-09-20 18:50:32 - [MESSAGE][PASSED] - beautytap.GeneralAction.openBeautytap is PASSED

2018-09-20 18:50:32 - [TEST_STEP][PASSED] - beautytap.GeneralAction.clickNavigationMenu: beautytap.GeneralAction.clickNavigationMenu is PASSED

2018-09-20 18:50:35 - [MESSAGE][PASSED] - Object: 'Object Repository/Page_General/link_signup' is clicked on

2018-09-20 18:50:35 - [MESSAGE][PASSED] - Wait for page load successfully

2018-09-20 18:50:35 - [MESSAGE][PASSED] - beautytap.GeneralAction.clickNavigationMenu is PASSED

2018-09-20 18:50:35 - [TEST_STEP][PASSED] - beautytap.GeneralAction.signup: beautytap.GeneralAction.signup is PASSED

2018-09-20 18:50:35 - [MESSAGE][PASSED] - Keys 'auto737977' sent to object: 'Object Repository/Page_Signup/txt_username'

2018-09-20 18:50:35 - [MESSAGE][PASSED] - Keys 'auto737977@mailinator.com' sent to object: 'Object Repository/Page_Signup/txt_email'

2018-09-20 18:50:35 - [MESSAGE][PASSED] - Keys '123456' sent to object: 'Object Repository/Page_Signup/txt_password'

2018-09-20 18:50:35 - [MESSAGE][PASSED] - Keys 'Auto User 737977' sent to object: 'Object Repository/Page_Signup/txt_name'

2018-09-20 18:50:36 - [MESSAGE][PASSED] - Keys '01/01/1990' sent to object: 'Object Repository/Page_Signup/txt_birthday'

2018-09-20 18:50:36 - [MESSAGE][PASSED] - Object: 'Object Repository/Page_Signup/btn_signup' is clicked on

2018-09-20 18:50:36 - [MESSAGE][PASSED] - Wait for page load successfully

2018-09-20 18:50:36 - [MESSAGE][PASSED] - beautytap.GeneralAction.signup is PASSED

2018-09-20 18:50:36 - [TEST_STEP][PASSED] - verifyElementPresent: Object 'Object Repository/Page_Signup/lbl_sucessMessage' is present

2018-09-20 18:50:41 - [MESSAGE][PASSED] - Object 'Object Repository/Page_Signup/lbl_sucessMessage' is present

2018-09-20 18:50:41 - [TEST_STEP][PASSED] - beautytap.GeneralAction.openMailBox: beautytap.GeneralAction.openMailBox is PASSED

2018-09-20 18:50:43 - [MESSAGE][PASSED] - Navigate to 'https://www.mailinator.com' successfully

2018-09-20 18:50:43 - [MESSAGE][PASSED] - Wait for page load successfully

2018-09-20 18:50:44 - [MESSAGE][PASSED] - Keys 'auto737977' sent to object: 'Object Repository/Page_mailinator/txt_email'

2018-09-20 18:50:45 - [MESSAGE][PASSED] - Object: 'Object Repository/Page_mailinator/btn_go' is clicked on

2018-09-20 18:50:45 - [MESSAGE][PASSED] - Wait for page load successfully

2018-09-20 18:50:50 - [MESSAGE][PASSED] - Delayed 5 second(s)

2018-09-20 18:50:50 - [MESSAGE][PASSED] - beautytap.GeneralAction.openMailBox is PASSED

2018-09-20 18:50:50 - [TEST_STEP][PASSED] - beautytap.GeneralAction.verifyEmailExist: beautytap.GeneralAction.verifyEmailExist is PASSED

2018-09-20 18:50:50 - [MESSAGE][PASSED] - Object '' is present

2018-09-20 18:50:50 - [MESSAGE][PASSED] - beautytap.GeneralAction.verifyEmailExist is PASSED

2018-09-20 18:50:50 - [TEST_STEP][PASSED] - beautytap.GeneralAction.openEmail: beautytap.GeneralAction.openEmail is PASSED

2018-09-20 18:50:50 - [MESSAGE][PASSED] - Object: '' is clicked on

2018-09-20 18:50:50 - [MESSAGE][PASSED] - beautytap.GeneralAction.openEmail is PASSED

2018-09-20 18:50:50 - [TEST_STEP][PASSED] - beautytap.GeneralAction.clickEmailLink: beautytap.GeneralAction.clickEmailLink is PASSED

2018-09-20 18:50:51 - [MESSAGE][PASSED] - Text of object '' is: 'https://stage.beautytap.com/activate/pgLNjccuygKxEWhJSxfdp6UPRE5dwBSa/'

2018-09-20 18:51:04 - [MESSAGE][PASSED] - Navigate to 'https://stage.beautytap.com/activate/pgLNjccuygKxEWhJSxfdp6UPRE5dwBSa/' successfully

2018-09-20 18:51:04 - [MESSAGE][PASSED] - beautytap.GeneralAction.clickEmailLink is PASSED

2018-09-20 18:51:04 - [TEST_STEP][PASSED] - waitForPageLoad: Wait for page load successfully

2018-09-20 18:51:04 - [MESSAGE][PASSED] - Wait for page load successfully

2018-09-20 18:51:04 - [TEST_STEP][PASSED] - verifyElementPresent: Object 'Object Repository/Page_General/lbl_activeSuccessMessage' is present

2018-09-20 18:51:05 - [MESSAGE][PASSED] - Object 'Object Repository/Page_General/lbl_activeSuccessMessage' is present

2018-09-20 18:51:05 - [TEST_STEP][PASSED] - beautytap.GeneralAction.clickNavigationMenu: beautytap.GeneralAction.clickNavigationMenu is PASSED

2018-09-20 18:51:07 - [MESSAGE][PASSED] - Object: 'Object Repository/Page_General/link_login' is clicked on

2018-09-20 18:51:07 - [MESSAGE][PASSED] - Wait for page load successfully

2018-09-20 18:51:07 - [MESSAGE][PASSED] - beautytap.GeneralAction.clickNavigationMenu is PASSED

2018-09-20 18:51:07 - [TEST_STEP][PASSED] - beautytap.GeneralAction.login: beautytap.GeneralAction.login is PASSED

2018-09-20 18:51:07 - [MESSAGE][PASSED] - Text of object 'Object Repository/Page_login/txt_username' is cleared

2018-09-20 18:51:07 - [MESSAGE][PASSED] - Keys 'auto737977' sent to object: 'Object Repository/Page_login/txt_username'

2018-09-20 18:51:07 - [MESSAGE][PASSED] - Text of object 'Object Repository/Page_login/txt_password' is cleared

2018-09-20 18:51:07 - [MESSAGE][PASSED] - Keys '123456' sent to object: 'Object Repository/Page_login/txt_password'

2018-09-20 18:51:08 - [MESSAGE][PASSED] - Object: 'Object Repository/Page_login/btn_login' is clicked on

2018-09-20 18:51:08 - [MESSAGE][PASSED] - Wait for page load successfully

2018-09-20 18:51:08 - [MESSAGE][PASSED] - beautytap.GeneralAction.login is PASSED

2018-09-20 18:51:08 - [TEST_STEP][PASSED] - verifyElementPresent: Object 'Object Repository/Page_General/link_avatar' is present

2018-09-20 18:51:17 - [MESSAGE][PASSED] - Object 'Object Repository/Page_General/link_avatar' is present

2018-09-20 18:51:17 - [TEST_STEP][PASSED] - beautytap.GeneralAction.logout: beautytap.GeneralAction.logout is PASSED

2018-09-20 18:51:17 - [MESSAGE][PASSED] - Object: 'Object Repository/Page_General/link_avatar' is clicked on

2018-09-20 18:51:18 - [MESSAGE][PASSED] - Object 'Object Repository/Page_General/menu_logout' is present

2018-09-20 18:51:18 - [MESSAGE][PASSED] - Object: 'Object Repository/Page_General/menu_logout' is clicked on

2018-09-20 18:51:18 - [MESSAGE][PASSED] - Wait for page load successfully

2018-09-20 18:51:18 - [MESSAGE][PASSED] - beautytap.GeneralAction.logout is PASSED

2018-09-20 18:51:18 - [TEST_STEP][PASSED] - beautytap.GeneralAction.clickNavigationMenu: beautytap.GeneralAction.clickNavigationMenu is PASSED

2018-09-20 18:51:25 - [MESSAGE][PASSED] - Object: 'Object Repository/Page_General/link_login' is clicked on

2018-09-20 18:51:25 - [MESSAGE][PASSED] - Wait for page load successfully

2018-09-20 18:51:25 - [MESSAGE][PASSED] - beautytap.GeneralAction.clickNavigationMenu is PASSED

2018-09-20 18:51:25 - [TEST_STEP][PASSED] - beautytap.GeneralAction.login: beautytap.GeneralAction.login is PASSED

2018-09-20 18:51:25 - [MESSAGE][PASSED] - Text of object 'Object Repository/Page_login/txt_username' is cleared

2018-09-20 18:51:25 - [MESSAGE][PASSED] - Keys 'auto737977@mailinator.com' sent to object: 'Object Repository/Page_login/txt_username'

2018-09-20 18:51:25 - [MESSAGE][PASSED] - Text of object 'Object Repository/Page_login/txt_password' is cleared

2018-09-20 18:51:25 - [MESSAGE][PASSED] - Keys '123456' sent to object: 'Object Repository/Page_login/txt_password'

2018-09-20 18:51:26 - [MESSAGE][PASSED] - Object: 'Object Repository/Page_login/btn_login' is clicked on

2018-09-20 18:51:26 - [MESSAGE][PASSED] - Wait for page load successfully

2018-09-20 18:51:26 - [MESSAGE][PASSED] - beautytap.GeneralAction.login is PASSED

2018-09-20 18:51:26 - [TEST_STEP][PASSED] - verifyElementPresent: Object 'Object Repository/Page_General/link_avatar' is present

2018-09-20 18:51:34 - [MESSAGE][PASSED] - Object 'Object Repository/Page_General/link_avatar' is present

2018-09-20 18:51:34 - [TEST_STEP][PASSED] - beautytap.GeneralAction.logout: beautytap.GeneralAction.logout is PASSED

2018-09-20 18:51:34 - [MESSAGE][PASSED] - Object: 'Object Repository/Page_General/link_avatar' is clicked on

2018-09-20 18:51:35 - [MESSAGE][PASSED] - Object 'Object Repository/Page_General/menu_logout' is present

2018-09-20 18:51:35 - [MESSAGE][PASSED] - Object: 'Object Repository/Page_General/menu_logout' is clicked on

2018-09-20 18:51:35 - [MESSAGE][PASSED] - Wait for page load successfully

2018-09-20 18:51:35 - [MESSAGE][PASSED] - beautytap.GeneralAction.logout is PASSED

2018-09-20 18:51:35 - [TEST_STEP][PASSED] - beautytap.GeneralAction.clickNavigationMenu: beautytap.GeneralAction.clickNavigationMenu is PASSED

2018-09-20 18:51:42 - [MESSAGE][PASSED] - Object: 'Object Repository/Page_General/link_login' is clicked on

2018-09-20 18:51:43 - [MESSAGE][PASSED] - Wait for page load successfully

2018-09-20 18:51:43 - [MESSAGE][PASSED] - beautytap.GeneralAction.clickNavigationMenu is PASSED

2018-09-20 18:51:43 - [TEST_STEP][PASSED] - click: Object: 'Object Repository/Page_Login/link_forgotPassword' is clicked on

2018-09-20 18:51:45 - [MESSAGE][PASSED] - Object: 'Object Repository/Page_Login/link_forgotPassword' is clicked on

2018-09-20 18:51:45 - [TEST_STEP][PASSED] - sendKeys: Keys 'auto737977' sent to object: 'Object Repository/Page_ForgotPassword/txt_usernameOrEmail'

2018-09-20 18:51:45 - [MESSAGE][PASSED] - Keys 'auto737977' sent to object: 'Object Repository/Page_ForgotPassword/txt_usernameOrEmail'

2018-09-20 18:51:45 - [TEST_STEP][PASSED] - click: Object: 'Object Repository/Page_ForgotPassword/btn_forgotPassword' is clicked on

2018-09-20 18:51:46 - [MESSAGE][PASSED] - Object: 'Object Repository/Page_ForgotPassword/btn_forgotPassword' is clicked on

2018-09-20 18:51:46 - [TEST_STEP][PASSED] - verifyElementPresent: Object 'Object Repository/Page_ForgotPassword/lbl_sucessMessage' is present

2018-09-20 18:51:49 - [MESSAGE][PASSED] - Object 'Object Repository/Page_ForgotPassword/lbl_sucessMessage' is present

2018-09-20 18:51:49 - [TEST_STEP][PASSED] - beautytap.GeneralAction.openMailBox: beautytap.GeneralAction.openMailBox is PASSED

2018-09-20 18:51:50 - [MESSAGE][PASSED] - Navigate to 'https://www.mailinator.com' successfully

2018-09-20 18:51:50 - [MESSAGE][PASSED] - Wait for page load successfully

2018-09-20 18:51:51 - [MESSAGE][PASSED] - Keys 'auto737977' sent to object: 'Object Repository/Page_mailinator/txt_email'

2018-09-20 18:51:52 - [MESSAGE][PASSED] - Object: 'Object Repository/Page_mailinator/btn_go' is clicked on

2018-09-20 18:51:52 - [MESSAGE][PASSED] - Wait for page load successfully

2018-09-20 18:51:57 - [MESSAGE][PASSED] - Delayed 5 second(s)

2018-09-20 18:51:57 - [MESSAGE][PASSED] - beautytap.GeneralAction.openMailBox is PASSED

2018-09-20 18:51:57 - [TEST_STEP][PASSED] - beautytap.GeneralAction.verifyEmailExist: beautytap.GeneralAction.verifyEmailExist is PASSED

2018-09-20 18:51:57 - [MESSAGE][PASSED] - Object '' is present

2018-09-20 18:51:57 - [MESSAGE][PASSED] - beautytap.GeneralAction.verifyEmailExist is PASSED

2018-09-20 18:51:57 - [TEST_STEP][PASSED] - beautytap.GeneralAction.openEmail: beautytap.GeneralAction.openEmail is PASSED

2018-09-20 18:51:57 - [MESSAGE][PASSED] - Object: '' is clicked on

2018-09-20 18:51:57 - [MESSAGE][PASSED] - beautytap.GeneralAction.openEmail is PASSED

2018-09-20 18:51:57 - [TEST_STEP][PASSED] - beautytap.GeneralAction.clickEmailLink: beautytap.GeneralAction.clickEmailLink is PASSED

2018-09-20 18:51:58 - [MESSAGE][PASSED] - Text of object '' is: 'https://stage.beautytap.com/wp-login.php?action=rp&key=f2unozcSCfpEVVD9dO6M&login=auto737977'

2018-09-20 18:52:01 - [MESSAGE][PASSED] - Navigate to 'https://stage.beautytap.com/wp-login.php?action=rp&key=f2unozcSCfpEVVD9dO6M&login=auto737977' successfully

2018-09-20 18:52:01 - [MESSAGE][PASSED] - beautytap.GeneralAction.clickEmailLink is PASSED

2018-09-20 18:52:01 - [TEST_STEP][PASSED] - delay: Delayed 20 second(s)

2018-09-20 18:52:21 - [MESSAGE][PASSED] - Delayed 20 second(s)

2018-09-20 18:52:21 - [TEST_STEP][PASSED] - clearText: Text of object 'Object Repository/Page_ForgotPassword/txt_newPassword' is cleared

2018-09-20 18:52:21 - [MESSAGE][PASSED] - Text of object 'Object Repository/Page_ForgotPassword/txt_newPassword' is cleared

2018-09-20 18:52:21 - [TEST_STEP][PASSED] - sendKeys: Keys 'test123' sent to object: 'Object Repository/Page_ForgotPassword/txt_newPassword'

2018-09-20 18:52:21 - [MESSAGE][PASSED] - Keys 'test123' sent to object: 'Object Repository/Page_ForgotPassword/txt_newPassword'

2018-09-20 18:52:21 - [TEST_STEP][PASSED] - click: Object: 'Object Repository/Page_ForgotPassword/btn_resetPassword' is clicked on

2018-09-20 18:52:26 - [MESSAGE][PASSED] - Object: 'Object Repository/Page_ForgotPassword/btn_resetPassword' is clicked on

2018-09-20 18:52:26 - [TEST_STEP][PASSED] - verifyElementPresent: Object 'Object Repository/Page_ForgotPassword/lbl_resetPasswordMessage' is present

2018-09-20 18:52:26 - [MESSAGE][PASSED] - Object 'Object Repository/Page_ForgotPassword/lbl_resetPasswordMessage' is present

2018-09-20 18:52:26 - [TEST_STEP][PASSED] - beautytap.GeneralAction.clickNavigationMenu: beautytap.GeneralAction.clickNavigationMenu is PASSED

2018-09-20 18:52:29 - [MESSAGE][PASSED] - Object: 'Object Repository/Page_General/link_login' is clicked on

2018-09-20 18:52:29 - [MESSAGE][PASSED] - Wait for page load successfully

2018-09-20 18:52:29 - [MESSAGE][PASSED] - beautytap.GeneralAction.clickNavigationMenu is PASSED

2018-09-20 18:52:29 - [TEST_STEP][PASSED] - beautytap.GeneralAction.login: beautytap.GeneralAction.login is PASSED

2018-09-20 18:52:29 - [MESSAGE][PASSED] - Text of object 'Object Repository/Page_login/txt_username' is cleared

2018-09-20 18:52:29 - [MESSAGE][PASSED] - Keys 'auto737977' sent to object: 'Object Repository/Page_login/txt_username'

2018-09-20 18:52:29 - [MESSAGE][PASSED] - Text of object 'Object Repository/Page_login/txt_password' is cleared

2018-09-20 18:52:29 - [MESSAGE][PASSED] - Keys '123456' sent to object: 'Object Repository/Page_login/txt_password'

2018-09-20 18:52:29 - [MESSAGE][PASSED] - Object: 'Object Repository/Page_login/btn_login' is clicked on

2018-09-20 18:52:29 - [MESSAGE][PASSED] - Wait for page load successfully

2018-09-20 18:52:29 - [MESSAGE][PASSED] - beautytap.GeneralAction.login is PASSED

2018-09-20 18:52:29 - [TEST_STEP][PASSED] - verifyElementText: Actual text and expected text of test object 'Object Repository/Page_Login/lbl_errorMessage' are matched.

2018-09-20 18:52:30 - [MESSAGE][PASSED] - Actual text and expected text of test object 'Object Repository/Page_Login/lbl_errorMessage' are matched.

2018-09-20 18:52:30 - [TEST_STEP][PASSED] - beautytap.GeneralAction.login: beautytap.GeneralAction.login is PASSED

2018-09-20 18:52:30 - [MESSAGE][PASSED] - Text of object 'Object Repository/Page_login/txt_username' is cleared

2018-09-20 18:52:30 - [MESSAGE][PASSED] - Keys 'auto737977' sent to object: 'Object Repository/Page_login/txt_username'

2018-09-20 18:52:30 - [MESSAGE][PASSED] - Text of object 'Object Repository/Page_login/txt_password' is cleared

2018-09-20 18:52:30 - [MESSAGE][PASSED] - Keys 'test123' sent to object: 'Object Repository/Page_login/txt_password'

2018-09-20 18:52:30 - [MESSAGE][PASSED] - Object: 'Object Repository/Page_login/btn_login' is clicked on

2018-09-20 18:52:30 - [MESSAGE][PASSED] - Wait for page load successfully

2018-09-20 18:52:30 - [MESSAGE][PASSED] - beautytap.GeneralAction.login is PASSED

2018-09-20 18:52:30 - [TEST_STEP][PASSED] - verifyElementPresent: Object 'Object Repository/Page_General/link_avatar' is present

2018-09-20 18:52:39 - [MESSAGE][PASSED] - Object 'Object Repository/Page_General/link_avatar' is present

2018-09-20 18:52:39 - [TEST_STEP][PASSED] - beautytap.GeneralAction.logout: beautytap.GeneralAction.logout is PASSED

2018-09-20 18:52:39 - [MESSAGE][PASSED] - Object: 'Object Repository/Page_General/link_avatar' is clicked on

2018-09-20 18:52:39 - [MESSAGE][PASSED] - Object 'Object Repository/Page_General/menu_logout' is present

2018-09-20 18:52:40 - [MESSAGE][PASSED] - Object: 'Object Repository/Page_General/menu_logout' is clicked on

2018-09-20 18:52:40 - [MESSAGE][PASSED] - Wait for page load successfully

2018-09-20 18:52:40 - [MESSAGE][PASSED] - beautytap.GeneralAction.logout is PASSED

2018-09-20 18:52:40 - [TEST_STEP][PASSED] - beautytap.GeneralAction.clickNavigationMenu: beautytap.GeneralAction.clickNavigationMenu is PASSED

2018-09-20 18:52:46 - [MESSAGE][PASSED] - Object: 'Object Repository/Page_General/link_login' is clicked on

2018-09-20 18:52:46 - [MESSAGE][PASSED] - Wait for page load successfully

2018-09-20 18:52:46 - [MESSAGE][PASSED] - beautytap.GeneralAction.clickNavigationMenu is PASSED

2018-09-20 18:52:46 - [TEST_STEP][PASSED] - beautytap.GeneralAction.login: beautytap.GeneralAction.login is PASSED

2018-09-20 18:52:47 - [MESSAGE][PASSED] - Text of object 'Object Repository/Page_login/txt_username' is cleared

2018-09-20 18:52:47 - [MESSAGE][PASSED] - Keys 'auto737977@mailinator.com' sent to object: 'Object Repository/Page_login/txt_username'

2018-09-20 18:52:47 - [MESSAGE][PASSED] - Text of object 'Object Repository/Page_login/txt_password' is cleared

2018-09-20 18:52:47 - [MESSAGE][PASSED] - Keys 'test123' sent to object: 'Object Repository/Page_login/txt_password'

2018-09-20 18:52:47 - [MESSAGE][PASSED] - Object: 'Object Repository/Page_login/btn_login' is clicked on

2018-09-20 18:52:47 - [MESSAGE][PASSED] - Wait for page load successfully

2018-09-20 18:52:47 - [MESSAGE][PASSED] - beautytap.GeneralAction.login is PASSED

2018-09-20 18:52:47 - [TEST_STEP][PASSED] - verifyElementPresent: Object 'Object Repository/Page_General/link_avatar' is present

2018-09-20 18:52:56 - [MESSAGE][PASSED] - Object 'Object Repository/Page_General/link_avatar' is present

2018-09-20 18:52:56 - [TEST_STEP][PASSED] - beautytap.GeneralAction.logout: beautytap.GeneralAction.logout is PASSED

2018-09-20 18:52:56 - [MESSAGE][PASSED] - Object: 'Object Repository/Page_General/link_avatar' is clicked on

2018-09-20 18:52:57 - [MESSAGE][PASSED] - Object 'Object Repository/Page_General/menu_logout' is present

2018-09-20 18:52:57 - [MESSAGE][PASSED] - Object: 'Object Repository/Page_General/menu_logout' is clicked on

2018-09-20 18:52:57 - [MESSAGE][PASSED] - Wait for page load successfully

2018-09-20 18:52:58 - [MESSAGE][PASSED] - Browser is closed

2018-09-20 18:52:58 - [MESSAGE][PASSED] - beautytap.GeneralAction.logout is PASSED]]></system-out>
         <system-err><![CDATA[]]></system-err>
      </testcase>
      <testcase name="Test Cases/SignUp_Login_ResetPass/TC02_SignUp_Login_ViaFacebookEmail_NewUser_OldUser" classname="Test Cases/SignUp_Login_ResetPass/TC02_SignUp_Login_ViaFacebookEmail_NewUser_OldUser" status="PASSED">
         <system-out><![CDATA[2018-09-20 18:53:00 - [TEST_CASE][PASSED] - Test Cases/SignUp_Login_ResetPass/TC02_SignUp_Login_ViaFacebookEmail_NewUser_OldUser: Test Cases/SignUp_Login_ResetPass/TC02_SignUp_Login_ViaFacebookEmail_NewUser_OldUser

2018-09-20 18:53:00 - [TEST_STEP][PASSED] - beautytap.AdminAction.deleteUser: beautytap.AdminAction.deleteUser is PASSED

2018-09-20 18:53:07 - [MESSAGE][PASSED] - Browser is opened with url: 'https://stage.beautytap.com/login'

2018-09-20 18:53:08 - [MESSAGE][PASSED] - Current window maximized

2018-09-20 18:53:08 - [MESSAGE][PASSED] - Text of object 'Object Repository/Page_login/txt_username' is cleared

2018-09-20 18:53:08 - [MESSAGE][PASSED] - Keys 'mrwhite' sent to object: 'Object Repository/Page_login/txt_username'

2018-09-20 18:53:08 - [MESSAGE][PASSED] - Text of object 'Object Repository/Page_login/txt_password' is cleared

2018-09-20 18:53:08 - [MESSAGE][PASSED] - Keys 'kgySM$Im' sent to object: 'Object Repository/Page_login/txt_password'

2018-09-20 18:53:09 - [MESSAGE][PASSED] - Object: 'Object Repository/Page_login/btn_login' is clicked on

2018-09-20 18:53:09 - [MESSAGE][PASSED] - Wait for page load successfully

2018-09-20 18:53:09 - [MESSAGE][PASSED] - Wait for page load successfully

2018-09-20 18:53:15 - [MESSAGE][PASSED] - Navigate to 'https://stage.beautytap.com/admin' successfully

2018-09-20 18:53:15 - [MESSAGE][PASSED] - Wait for page load successfully

2018-09-20 18:53:21 - [MESSAGE][PASSED] - Object: 'Object Repository/Page_Admin/menu_users' is clicked on

2018-09-20 18:53:21 - [MESSAGE][PASSED] - Wait for page load successfully

2018-09-20 18:53:21 - [MESSAGE][PASSED] - Text of object 'Object Repository/Page_Admin/txt_searchUser' is cleared

2018-09-20 18:53:22 - [MESSAGE][PASSED] - Keys 'g5.posiba@gmail.com' sent to object: 'Object Repository/Page_Admin/txt_searchUser'

2018-09-20 18:53:25 - [MESSAGE][PASSED] - Object: 'Object Repository/Page_Admin/btn_searchUser' is clicked on

2018-09-20 18:53:25 - [MESSAGE][PASSED] - Wait for page load successfully

2018-09-20 18:53:25 - [MESSAGE][PASSED] - Text of object '' is: 'g5.posiba@gmail.com'

2018-09-20 18:53:25 - [MESSAGE][PASSED] - Attribute 'id' of object '' is: 'user-64405'

2018-09-20 18:53:25 - [MESSAGE][PASSED] - Object: '' is hovered

2018-09-20 18:53:30 - [MESSAGE][PASSED] - Delayed 5 second(s)

2018-09-20 18:53:31 - [MESSAGE][PASSED] - Object: '' is clicked on

2018-09-20 18:53:31 - [MESSAGE][FAILED] - No alert found
[[ATTACHMENT|E:\\BeautytapAutomation\\beautytapAuto\\Beautytap\\Reports\\TS1\\20180920_184950\\1537444411574.png]]

2018-09-20 18:53:32 - [MESSAGE][FAILED] - Unable to accept alert (Root cause: No alert found)
[[ATTACHMENT|E:\\BeautytapAutomation\\beautytapAuto\\Beautytap\\Reports\\TS1\\20180920_184950\\1537444411908.png]]

2018-09-20 18:53:33 - [MESSAGE][PASSED] - Browser is closed

2018-09-20 18:53:33 - [MESSAGE][PASSED] - beautytap.AdminAction.deleteUser is PASSED

2018-09-20 18:53:33 - [TEST_STEP][PASSED] - beautytap.GeneralAction.openBeautytap: beautytap.GeneralAction.openBeautytap is PASSED

2018-09-20 18:53:51 - [MESSAGE][PASSED] - Browser is opened with url: 'https://stage.beautytap.com'

2018-09-20 18:53:52 - [MESSAGE][PASSED] - Current window maximized

2018-09-20 18:53:56 - [MESSAGE][PASSED] - Refresh successfully

2018-09-20 18:53:56 - [MESSAGE][PASSED] - Wait for page load successfully

2018-09-20 18:53:56 - [MESSAGE][PASSED] - beautytap.GeneralAction.openBeautytap is PASSED

2018-09-20 18:53:56 - [TEST_STEP][PASSED] - beautytap.GeneralAction.clickNavigationMenu: beautytap.GeneralAction.clickNavigationMenu is PASSED

2018-09-20 18:53:58 - [MESSAGE][PASSED] - Object: 'Object Repository/Page_General/link_signup' is clicked on

2018-09-20 18:53:58 - [MESSAGE][PASSED] - Wait for page load successfully

2018-09-20 18:53:58 - [MESSAGE][PASSED] - beautytap.GeneralAction.clickNavigationMenu is PASSED

2018-09-20 18:53:58 - [TEST_STEP][PASSED] - beautytap.GeneralAction.signupViaFacebook: beautytap.GeneralAction.signupViaFacebook is PASSED

2018-09-20 18:53:58 - [MESSAGE][PASSED] - Object: 'Object Repository/Page_Signup/btn_signupFB' is clicked on

2018-09-20 18:53:58 - [MESSAGE][PASSED] - Switched to window with index: '1'

2018-09-20 18:54:00 - [MESSAGE][PASSED] - Keys 'g5.posiba@gmail.com' sent to object: 'Object Repository/Popup_FacebookLogin/txt_email'

2018-09-20 18:54:00 - [MESSAGE][PASSED] - Keys 'posiba123' sent to object: 'Object Repository/Popup_FacebookLogin/txt_password'

2018-09-20 18:54:02 - [MESSAGE][PASSED] - Object: 'Object Repository/Popup_FacebookLogin/btn_login' is clicked on

2018-09-20 18:54:04 - [MESSAGE][WARNING] - Cannot take screenshot

2018-09-20 18:54:04 - [MESSAGE][FAILED] - Unable to get text of object 'Object Repository/Popup_FacebookLogin/btn_confirmPermission' (Root cause: org.openqa.selenium.NoSuchWindowException: no such window: window was already closed
  (Session info: chrome=69.0.3497.100)
  (Driver info: chromedriver=2.35.528161 (5b82f2d2aae0ca24b877009200ced9065a772e73),platform=Windows NT 10.0.17134 x86_64) (WARNING: The server did not provide any stacktrace information)
Command duration or timeout: 0 milliseconds
Build info: version: '3.7.1', revision: '8a0099a', time: '2017-11-06T21:07:36.161Z'
System info: host: 'DESKTOP-G1UHP65', ip: '10.0.0.86', os.name: 'Windows 10', os.arch: 'amd64', os.version: '10.0', java.version: '1.8.0_102'
Driver info: com.kms.katalon.selenium.driver.CChromeDriver
Capabilities {acceptInsecureCerts: false, acceptSslCerts: false, applicationCacheEnabled: false, browserConnectionEnabled: false, browserName: chrome, chrome: {chromedriverVersion: 2.35.528161 (5b82f2d2aae0ca..., userDataDir: C:\Users\TRANGN~1\AppData\L...}, cssSelectorsEnabled: true, databaseEnabled: false, handlesAlerts: true, hasTouchScreen: false, javascriptEnabled: true, locationContextEnabled: true, mobileEmulationEnabled: false, nativeEvents: true, networkConnectionEnabled: false, pageLoadStrategy: normal, platform: XP, platformName: XP, rotatable: false, setWindowRect: true, takesHeapSnapshot: true, takesScreenshot: true, unexpectedAlertBehaviour: , unhandledPromptBehavior: , version: 69.0.3497.100, webStorageEnabled: true}
Session ID: a32f95173ea72074fe0f8d70c224f800
*** Element info: {Using=xpath, value=//button[contains(@class,'layerConfirm') and contains(@name,'CONFIRM')]})

2018-09-20 18:54:04 - [MESSAGE][PASSED] - Switched to window with index: '0'

2018-09-20 18:54:19 - [MESSAGE][PASSED] - Delayed 15 second(s)

2018-09-20 18:54:19 - [MESSAGE][PASSED] - Wait for page load successfully

2018-09-20 18:54:19 - [MESSAGE][PASSED] - beautytap.GeneralAction.signupViaFacebook is PASSED

2018-09-20 18:54:19 - [TEST_STEP][PASSED] - verifyElementPresent: Object 'Object Repository/Page_General/link_avatar' is present

2018-09-20 18:54:19 - [MESSAGE][PASSED] - Object 'Object Repository/Page_General/link_avatar' is present

2018-09-20 18:54:19 - [TEST_STEP][PASSED] - beautytap.GeneralAction.logout: beautytap.GeneralAction.logout is PASSED

2018-09-20 18:54:19 - [MESSAGE][PASSED] - Object: 'Object Repository/Page_General/link_avatar' is clicked on

2018-09-20 18:54:19 - [MESSAGE][PASSED] - Object 'Object Repository/Page_General/menu_logout' is present

2018-09-20 18:54:20 - [MESSAGE][PASSED] - Object: 'Object Repository/Page_General/menu_logout' is clicked on

2018-09-20 18:54:24 - [MESSAGE][PASSED] - Wait for page load successfully

2018-09-20 18:54:24 - [MESSAGE][PASSED] - Browser is closed

2018-09-20 18:54:24 - [MESSAGE][PASSED] - beautytap.GeneralAction.logout is PASSED

2018-09-20 18:54:24 - [TEST_STEP][PASSED] - beautytap.AdminAction.deleteUser: beautytap.AdminAction.deleteUser is PASSED

2018-09-20 18:54:32 - [MESSAGE][PASSED] - Browser is opened with url: 'https://stage.beautytap.com/login'

2018-09-20 18:54:33 - [MESSAGE][PASSED] - Current window maximized

2018-09-20 18:54:34 - [MESSAGE][PASSED] - Text of object 'Object Repository/Page_login/txt_username' is cleared

2018-09-20 18:54:34 - [MESSAGE][PASSED] - Keys 'mrwhite' sent to object: 'Object Repository/Page_login/txt_username'

2018-09-20 18:54:34 - [MESSAGE][PASSED] - Text of object 'Object Repository/Page_login/txt_password' is cleared

2018-09-20 18:54:34 - [MESSAGE][PASSED] - Keys 'kgySM$Im' sent to object: 'Object Repository/Page_login/txt_password'

2018-09-20 18:54:34 - [MESSAGE][PASSED] - Object: 'Object Repository/Page_login/btn_login' is clicked on

2018-09-20 18:54:34 - [MESSAGE][PASSED] - Wait for page load successfully

2018-09-20 18:54:34 - [MESSAGE][PASSED] - Wait for page load successfully

2018-09-20 18:54:41 - [MESSAGE][PASSED] - Navigate to 'https://stage.beautytap.com/admin' successfully

2018-09-20 18:54:41 - [MESSAGE][PASSED] - Wait for page load successfully

2018-09-20 18:54:46 - [MESSAGE][PASSED] - Object: 'Object Repository/Page_Admin/menu_users' is clicked on

2018-09-20 18:54:46 - [MESSAGE][PASSED] - Wait for page load successfully

2018-09-20 18:54:47 - [MESSAGE][PASSED] - Text of object 'Object Repository/Page_Admin/txt_searchUser' is cleared

2018-09-20 18:54:47 - [MESSAGE][PASSED] - Keys 'g5.posiba@gmail.com' sent to object: 'Object Repository/Page_Admin/txt_searchUser'

2018-09-20 18:54:49 - [MESSAGE][PASSED] - Object: 'Object Repository/Page_Admin/btn_searchUser' is clicked on

2018-09-20 18:54:49 - [MESSAGE][PASSED] - Wait for page load successfully

2018-09-20 18:54:49 - [MESSAGE][PASSED] - Text of object '' is: 'g5.posiba@gmail.com'

2018-09-20 18:54:49 - [MESSAGE][PASSED] - Attribute 'id' of object '' is: 'user-64405'

2018-09-20 18:54:49 - [MESSAGE][PASSED] - Object: '' is hovered

2018-09-20 18:54:54 - [MESSAGE][PASSED] - Delayed 5 second(s)

2018-09-20 18:54:56 - [MESSAGE][PASSED] - Object: '' is clicked on

2018-09-20 18:54:56 - [MESSAGE][FAILED] - No alert found
[[ATTACHMENT|E:\\BeautytapAutomation\\beautytapAuto\\Beautytap\\Reports\\TS1\\20180920_184950\\1537444496226.png]]

2018-09-20 18:54:56 - [MESSAGE][FAILED] - Unable to accept alert (Root cause: No alert found)
[[ATTACHMENT|E:\\BeautytapAutomation\\beautytapAuto\\Beautytap\\Reports\\TS1\\20180920_184950\\1537444496529.png]]

2018-09-20 18:54:57 - [MESSAGE][PASSED] - Browser is closed

2018-09-20 18:54:57 - [MESSAGE][PASSED] - beautytap.AdminAction.deleteUser is PASSED

2018-09-20 18:54:57 - [TEST_STEP][PASSED] - beautytap.GeneralAction.openBeautytap: beautytap.GeneralAction.openBeautytap is PASSED

2018-09-20 18:55:13 - [MESSAGE][PASSED] - Browser is opened with url: 'https://stage.beautytap.com'

2018-09-20 18:55:14 - [MESSAGE][PASSED] - Current window maximized

2018-09-20 18:55:20 - [MESSAGE][PASSED] - Refresh successfully

2018-09-20 18:55:20 - [MESSAGE][PASSED] - Wait for page load successfully

2018-09-20 18:55:20 - [MESSAGE][PASSED] - beautytap.GeneralAction.openBeautytap is PASSED

2018-09-20 18:55:20 - [TEST_STEP][PASSED] - beautytap.GeneralAction.clickNavigationMenu: beautytap.GeneralAction.clickNavigationMenu is PASSED

2018-09-20 18:55:24 - [MESSAGE][PASSED] - Object: 'Object Repository/Page_General/link_login' is clicked on

2018-09-20 18:55:24 - [MESSAGE][PASSED] - Wait for page load successfully

2018-09-20 18:55:24 - [MESSAGE][PASSED] - beautytap.GeneralAction.clickNavigationMenu is PASSED

2018-09-20 18:55:24 - [TEST_STEP][PASSED] - beautytap.GeneralAction.login: beautytap.GeneralAction.login is PASSED

2018-09-20 18:55:25 - [MESSAGE][PASSED] - Object: 'Object Repository/Page_Login/btn_loginFB' is clicked on

2018-09-20 18:55:25 - [MESSAGE][PASSED] - Switched to window with index: '1'

2018-09-20 18:55:27 - [MESSAGE][PASSED] - Object 'Object Repository/Popup_FacebookLogin/txt_email' is visible

2018-09-20 18:55:28 - [MESSAGE][PASSED] - Keys 'g5.posiba@gmail.com' sent to object: 'Object Repository/Popup_FacebookLogin/txt_email'

2018-09-20 18:55:28 - [MESSAGE][PASSED] - Keys 'posiba123' sent to object: 'Object Repository/Popup_FacebookLogin/txt_password'

2018-09-20 18:55:30 - [MESSAGE][PASSED] - Object: 'Object Repository/Popup_FacebookLogin/btn_login' is clicked on

2018-09-20 18:55:30 - [MESSAGE][PASSED] - Switched to window with index: '0'

2018-09-20 18:55:30 - [MESSAGE][PASSED] - Wait for page load successfully

2018-09-20 18:55:30 - [MESSAGE][PASSED] - beautytap.GeneralAction.login is PASSED

2018-09-20 18:55:30 - [TEST_STEP][PASSED] - verifyElementPresent: Object 'Object Repository/Page_General/link_avatar' is present

2018-09-20 18:55:39 - [MESSAGE][PASSED] - Object 'Object Repository/Page_General/link_avatar' is present

2018-09-20 18:55:39 - [TEST_STEP][PASSED] - beautytap.GeneralAction.logout: beautytap.GeneralAction.logout is PASSED

2018-09-20 18:55:39 - [MESSAGE][PASSED] - Object: 'Object Repository/Page_General/link_avatar' is clicked on

2018-09-20 18:55:39 - [MESSAGE][PASSED] - Object 'Object Repository/Page_General/menu_logout' is present

2018-09-20 18:55:39 - [MESSAGE][PASSED] - Object: 'Object Repository/Page_General/menu_logout' is clicked on

2018-09-20 18:55:39 - [MESSAGE][PASSED] - Wait for page load successfully

2018-09-20 18:55:40 - [MESSAGE][PASSED] - Browser is closed

2018-09-20 18:55:40 - [MESSAGE][PASSED] - beautytap.GeneralAction.logout is PASSED

2018-09-20 18:55:40 - [TEST_STEP][PASSED] - beautytap.GeneralAction.openBeautytap: beautytap.GeneralAction.openBeautytap is PASSED

2018-09-20 18:55:51 - [MESSAGE][PASSED] - Browser is opened with url: 'https://stage.beautytap.com'

2018-09-20 18:55:52 - [MESSAGE][PASSED] - Current window maximized

2018-09-20 18:55:56 - [MESSAGE][PASSED] - Refresh successfully

2018-09-20 18:55:56 - [MESSAGE][PASSED] - Wait for page load successfully

2018-09-20 18:55:56 - [MESSAGE][PASSED] - beautytap.GeneralAction.openBeautytap is PASSED

2018-09-20 18:55:56 - [TEST_STEP][PASSED] - beautytap.GeneralAction.clickNavigationMenu: beautytap.GeneralAction.clickNavigationMenu is PASSED

2018-09-20 18:55:58 - [MESSAGE][PASSED] - Object: 'Object Repository/Page_General/link_signup' is clicked on

2018-09-20 18:55:58 - [MESSAGE][PASSED] - Wait for page load successfully

2018-09-20 18:55:58 - [MESSAGE][PASSED] - beautytap.GeneralAction.clickNavigationMenu is PASSED

2018-09-20 18:55:58 - [TEST_STEP][PASSED] - beautytap.GeneralAction.signupViaFacebook: beautytap.GeneralAction.signupViaFacebook is PASSED

2018-09-20 18:55:58 - [MESSAGE][PASSED] - Object: 'Object Repository/Page_Signup/btn_signupFB' is clicked on

2018-09-20 18:55:58 - [MESSAGE][PASSED] - Switched to window with index: '1'

2018-09-20 18:56:00 - [MESSAGE][PASSED] - Keys 'g5.posiba@gmail.com' sent to object: 'Object Repository/Popup_FacebookLogin/txt_email'

2018-09-20 18:56:00 - [MESSAGE][PASSED] - Keys 'posiba123' sent to object: 'Object Repository/Popup_FacebookLogin/txt_password'

2018-09-20 18:56:02 - [MESSAGE][PASSED] - Object: 'Object Repository/Popup_FacebookLogin/btn_login' is clicked on

2018-09-20 18:56:04 - [MESSAGE][WARNING] - Cannot take screenshot

2018-09-20 18:56:04 - [MESSAGE][FAILED] - Unable to get text of object 'Object Repository/Popup_FacebookLogin/btn_confirmPermission' (Root cause: org.openqa.selenium.NoSuchWindowException: no such window: window was already closed
  (Session info: chrome=69.0.3497.100)
  (Driver info: chromedriver=2.35.528161 (5b82f2d2aae0ca24b877009200ced9065a772e73),platform=Windows NT 10.0.17134 x86_64) (WARNING: The server did not provide any stacktrace information)
Command duration or timeout: 0 milliseconds
Build info: version: '3.7.1', revision: '8a0099a', time: '2017-11-06T21:07:36.161Z'
System info: host: 'DESKTOP-G1UHP65', ip: '10.0.0.86', os.name: 'Windows 10', os.arch: 'amd64', os.version: '10.0', java.version: '1.8.0_102'
Driver info: com.kms.katalon.selenium.driver.CChromeDriver
Capabilities {acceptInsecureCerts: false, acceptSslCerts: false, applicationCacheEnabled: false, browserConnectionEnabled: false, browserName: chrome, chrome: {chromedriverVersion: 2.35.528161 (5b82f2d2aae0ca..., userDataDir: C:\Users\TRANGN~1\AppData\L...}, cssSelectorsEnabled: true, databaseEnabled: false, handlesAlerts: true, hasTouchScreen: false, javascriptEnabled: true, locationContextEnabled: true, mobileEmulationEnabled: false, nativeEvents: true, networkConnectionEnabled: false, pageLoadStrategy: normal, platform: XP, platformName: XP, rotatable: false, setWindowRect: true, takesHeapSnapshot: true, takesScreenshot: true, unexpectedAlertBehaviour: , unhandledPromptBehavior: , version: 69.0.3497.100, webStorageEnabled: true}
Session ID: 892c895c9660c2431ca8b2d5f6331c50
*** Element info: {Using=xpath, value=//button[contains(@class,'layerConfirm') and contains(@name,'CONFIRM')]})

2018-09-20 18:56:04 - [MESSAGE][PASSED] - Switched to window with index: '0'

2018-09-20 18:56:19 - [MESSAGE][PASSED] - Delayed 15 second(s)

2018-09-20 18:56:19 - [MESSAGE][PASSED] - Wait for page load successfully

2018-09-20 18:56:19 - [MESSAGE][PASSED] - beautytap.GeneralAction.signupViaFacebook is PASSED

2018-09-20 18:56:19 - [TEST_STEP][PASSED] - verifyElementPresent: Object 'Object Repository/Page_General/link_avatar' is present

2018-09-20 18:56:19 - [MESSAGE][PASSED] - Object 'Object Repository/Page_General/link_avatar' is present

2018-09-20 18:56:19 - [TEST_STEP][PASSED] - beautytap.GeneralAction.logout: beautytap.GeneralAction.logout is PASSED

2018-09-20 18:56:19 - [MESSAGE][PASSED] - Object: 'Object Repository/Page_General/link_avatar' is clicked on

2018-09-20 18:56:19 - [MESSAGE][PASSED] - Object 'Object Repository/Page_General/menu_logout' is present

2018-09-20 18:56:20 - [MESSAGE][PASSED] - Object: 'Object Repository/Page_General/menu_logout' is clicked on

2018-09-20 18:56:20 - [MESSAGE][PASSED] - Wait for page load successfully

2018-09-20 18:56:20 - [MESSAGE][PASSED] - Browser is closed

2018-09-20 18:56:20 - [MESSAGE][PASSED] - beautytap.GeneralAction.logout is PASSED

2018-09-20 18:56:20 - [TEST_STEP][PASSED] - beautytap.GeneralAction.openBeautytap: beautytap.GeneralAction.openBeautytap is PASSED

2018-09-20 18:56:33 - [MESSAGE][PASSED] - Browser is opened with url: 'https://stage.beautytap.com'

2018-09-20 18:56:34 - [MESSAGE][PASSED] - Current window maximized

2018-09-20 18:56:38 - [MESSAGE][PASSED] - Refresh successfully

2018-09-20 18:56:38 - [MESSAGE][PASSED] - Wait for page load successfully

2018-09-20 18:56:38 - [MESSAGE][PASSED] - beautytap.GeneralAction.openBeautytap is PASSED

2018-09-20 18:56:38 - [TEST_STEP][PASSED] - beautytap.GeneralAction.clickNavigationMenu: beautytap.GeneralAction.clickNavigationMenu is PASSED

2018-09-20 18:56:41 - [MESSAGE][PASSED] - Object: 'Object Repository/Page_General/link_login' is clicked on

2018-09-20 18:56:41 - [MESSAGE][PASSED] - Wait for page load successfully

2018-09-20 18:56:41 - [MESSAGE][PASSED] - beautytap.GeneralAction.clickNavigationMenu is PASSED

2018-09-20 18:56:41 - [TEST_STEP][PASSED] - beautytap.GeneralAction.login: beautytap.GeneralAction.login is PASSED

2018-09-20 18:56:41 - [MESSAGE][PASSED] - Object: 'Object Repository/Page_Login/btn_loginFB' is clicked on

2018-09-20 18:56:41 - [MESSAGE][PASSED] - Switched to window with index: '1'

2018-09-20 18:56:42 - [MESSAGE][PASSED] - Object 'Object Repository/Popup_FacebookLogin/txt_email' is visible

2018-09-20 18:56:44 - [MESSAGE][PASSED] - Keys 'g5.posiba@gmail.com' sent to object: 'Object Repository/Popup_FacebookLogin/txt_email'

2018-09-20 18:56:44 - [MESSAGE][PASSED] - Keys 'posiba123' sent to object: 'Object Repository/Popup_FacebookLogin/txt_password'

2018-09-20 18:56:46 - [MESSAGE][PASSED] - Object: 'Object Repository/Popup_FacebookLogin/btn_login' is clicked on

2018-09-20 18:56:47 - [MESSAGE][PASSED] - Switched to window with index: '0'

2018-09-20 18:56:47 - [MESSAGE][PASSED] - Wait for page load successfully

2018-09-20 18:56:47 - [MESSAGE][PASSED] - beautytap.GeneralAction.login is PASSED

2018-09-20 18:56:47 - [TEST_STEP][PASSED] - verifyElementPresent: Object 'Object Repository/Page_General/link_avatar' is present

2018-09-20 18:56:57 - [MESSAGE][PASSED] - Object 'Object Repository/Page_General/link_avatar' is present

2018-09-20 18:56:57 - [TEST_STEP][PASSED] - beautytap.GeneralAction.logout: beautytap.GeneralAction.logout is PASSED

2018-09-20 18:56:57 - [MESSAGE][PASSED] - Object: 'Object Repository/Page_General/link_avatar' is clicked on

2018-09-20 18:56:57 - [MESSAGE][PASSED] - Object 'Object Repository/Page_General/menu_logout' is present

2018-09-20 18:56:57 - [MESSAGE][PASSED] - Object: 'Object Repository/Page_General/menu_logout' is clicked on

2018-09-20 18:56:57 - [MESSAGE][PASSED] - Wait for page load successfully

2018-09-20 18:56:58 - [MESSAGE][PASSED] - Browser is closed

2018-09-20 18:56:58 - [MESSAGE][PASSED] - beautytap.GeneralAction.logout is PASSED]]></system-out>
         <system-err><![CDATA[]]></system-err>
      </testcase>
      <testcase name="Test Cases/Shop/TC03_Search_SimpleProduct_Sale_Creditcard_LessThan60_Normal" classname="Test Cases/Shop/TC03_Search_SimpleProduct_Sale_Creditcard_LessThan60_Normal" status="FAILED">
         <failure type="FAILED" message="Unable to get text of object '' (Root cause: com.kms.katalon.core.webui.exception.WebElementNotFoundException: Web element with id: '' located by 'By.xpath: //h1' not found)"/>
         <system-out><![CDATA[2018-09-20 18:57:01 - [TEST_CASE][FAILED] - Test Cases/Shop/TC03_Search_SimpleProduct_Sale_Creditcard_LessThan60_Normal: Test Cases/Shop/TC03_Search_SimpleProduct_Sale_Creditcard_LessThan60_Normal FAILED because (of) Unable to get text of object '' (Root cause: com.kms.katalon.core.webui.exception.WebElementNotFoundException: Web element with id: '' located by 'By.xpath: //h1' not found)

2018-09-20 18:57:01 - [TEST_STEP][PASSED] - Statement - productName = SIMPLE_SALE_PRODUCT: null

2018-09-20 18:57:01 - [TEST_STEP][PASSED] - Statement - searchName = productName.substring(0, productName.indexOf("/")): null

2018-09-20 18:57:01 - [TEST_STEP][PASSED] - Statement - saleprice = SIMPLE_SALE_PRICE: null

2018-09-20 18:57:01 - [TEST_STEP][PASSED] - Statement - regularprice = SIMPLE_SALE_REGULAR_PRICE: null

2018-09-20 18:57:01 - [TEST_STEP][PASSED] - Statement - r_string = new java.lang.Math().random().toString().substring(2, 8): null

2018-09-20 18:57:01 - [TEST_STEP][PASSED] - Statement - email = "auto" + r_string + "@mailinator.com": null

2018-09-20 18:57:01 - [TEST_STEP][PASSED] - Statement - orderNote = "auto" + r_string + "Order": null

2018-09-20 18:57:01 - [TEST_STEP][PASSED] - Statement - currentNumberItemInCart = <not implemented yet for class: org.codehaus.groovy.ast.expr.EmptyExpression>: null

2018-09-20 18:57:01 - [TEST_STEP][PASSED] - Statement - quantity = 1: null

2018-09-20 18:57:01 - [TEST_STEP][PASSED] - Statement - subtotal = CustomKeywords.beautytap.ShopAction.calculateTotal(quantity, saleprice): beautytap.ShopAction.calculateTotal is PASSED

2018-09-20 18:57:01 - [MESSAGE][PASSED] - beautytap.ShopAction.calculateTotal is PASSED

2018-09-20 18:57:01 - [TEST_STEP][PASSED] - Statement - total = subtotal + SHIPPING_PRICE: null

2018-09-20 18:57:01 - [TEST_STEP][PASSED] - Statement - total = CustomKeywords.beautytap.ShopAction.calculateTotal(1, total): beautytap.ShopAction.calculateTotal is PASSED

2018-09-20 18:57:01 - [MESSAGE][PASSED] - beautytap.ShopAction.calculateTotal is PASSED

2018-09-20 18:57:01 - [TEST_STEP][PASSED] - Statement - products = new org.json.JSONArray((((((([{"productname":" + productName) + ","variation":"","quantity":") + quantity) + ","price":") + saleprice) + "}])): null

2018-09-20 18:57:01 - [TEST_STEP][PASSED] - Statement - billingInformation = new org.json.JSONObject((({"firstname":"Test","lastname":"Automation","country":"United States (US)","address":"123 Testing","city":"New York","state":"New York","zip":"90012","email":" + email) + "})): null

2018-09-20 18:57:01 - [TEST_STEP][PASSED] - Statement - shippingLabel = SHIPPING_LABEL: null

2018-09-20 18:57:01 - [TEST_STEP][PASSED] - Statement - shippingPrice = SHIPPING_PRICE: null

2018-09-20 18:57:02 - [TEST_STEP][PASSED] - Statement - shippingType = "normal": null

2018-09-20 18:57:02 - [TEST_STEP][PASSED] - Statement - paymentMethod = "Credit Card Payment": null

2018-09-20 18:57:02 - [TEST_STEP][PASSED] - beautytap.GeneralAction.openBeautytap: beautytap.GeneralAction.openBeautytap is PASSED

2018-09-20 18:57:17 - [MESSAGE][PASSED] - Browser is opened with url: 'https://stage.beautytap.com'

2018-09-20 18:57:18 - [MESSAGE][PASSED] - Current window maximized

2018-09-20 18:57:23 - [MESSAGE][PASSED] - Refresh successfully

2018-09-20 18:57:23 - [MESSAGE][PASSED] - Wait for page load successfully

2018-09-20 18:57:23 - [MESSAGE][PASSED] - beautytap.GeneralAction.openBeautytap is PASSED

2018-09-20 18:57:23 - [TEST_STEP][PASSED] - beautytap.ShopAction.globalSearch: beautytap.ShopAction.globalSearch is PASSED

2018-09-20 18:57:23 - [MESSAGE][PASSED] - Object: 'Object Repository/Page_General/icon_search' is clicked on

2018-09-20 18:57:28 - [MESSAGE][PASSED] - Delayed 5 second(s)

2018-09-20 18:57:28 - [MESSAGE][PASSED] - Text of object 'Object Repository/Page_General/txt_search' is cleared

2018-09-20 18:57:28 - [MESSAGE][PASSED] - Keys 'CONTROL + v' sent to object: 'Object Repository/Page_General/txt_search'

2018-09-20 18:57:30 - [MESSAGE][PASSED] - Object 'Object Repository/Page_General/div_searchResult' is present

2018-09-20 18:57:30 - [MESSAGE][PASSED] - beautytap.ShopAction.globalSearch is PASSED

2018-09-20 18:57:30 - [TEST_STEP][PASSED] - beautytap.ShopAction.VerifyProductOnSearchResult: Keyword VerifyProductOnSearchResult is Passed

2018-09-20 18:57:30 - [MESSAGE][PASSED] - Object '' is present

2018-09-20 18:57:30 - [MESSAGE][PASSED] - Text of object '' is: '$12.50'

2018-09-20 18:57:30 - [MESSAGE][PASSED] - Get CSS 'color' value on '' successfully: 'rgba(195, 195, 195, 1)'.

2018-09-20 18:57:30 - [MESSAGE][PASSED] - Get CSS 'color' value on '' successfully: 'rgba(195, 195, 195, 1)'.

2018-09-20 18:57:31 - [MESSAGE][PASSED] - Text of object '' is: '$11.99'

2018-09-20 18:57:31 - [MESSAGE][PASSED] - Get CSS 'color' value on '' successfully: 'rgba(255, 35, 134, 1)'.

2018-09-20 18:57:31 - [MESSAGE][PASSED] - Get CSS 'color' value on '' successfully: 'rgba(255, 35, 134, 1)'.

2018-09-20 18:57:31 - [MESSAGE][PASSED] - Keyword VerifyProductOnSearchResult is Passed

2018-09-20 18:57:31 - [TEST_STEP][PASSED] - beautytap.ShopAction.selectProductOnSearchResult: beautytap.ShopAction.selectProductOnSearchResult is PASSED

2018-09-20 18:57:33 - [MESSAGE][PASSED] - Object: '' is clicked on

2018-09-20 18:57:33 - [MESSAGE][PASSED] - Wait for page load successfully

2018-09-20 18:57:33 - [MESSAGE][PASSED] - beautytap.ShopAction.selectProductOnSearchResult is PASSED

2018-09-20 18:57:33 - [TEST_STEP][FAILED] - beautytap.ShopAction.VerifyProductDetails: Unable to get text of object '' (Root cause: com.kms.katalon.core.webui.exception.WebElementNotFoundException: Web element with id: '' located by 'By.xpath: //h1' not found)

2018-09-20 18:58:05 - [MESSAGE][FAILED] - Unable to get text of object '' (Root cause: com.kms.katalon.core.webui.exception.WebElementNotFoundException: Web element with id: '' located by 'By.xpath: //h1' not found)
[[ATTACHMENT|E:\\BeautytapAutomation\\beautytapAuto\\Beautytap\\Reports\\TS1\\20180920_184950\\1537444685017.png]]

2018-09-20 18:58:05 - [MESSAGE][FAILED] - Unable to get text of object '' (Root cause: com.kms.katalon.core.webui.exception.WebElementNotFoundException: Web element with id: '' located by 'By.xpath: //h1' not found)]]></system-out>
         <system-err><![CDATA[2018-09-20 18:57:01 - [TEST_CASE][FAILED] - Test Cases/Shop/TC03_Search_SimpleProduct_Sale_Creditcard_LessThan60_Normal: Test Cases/Shop/TC03_Search_SimpleProduct_Sale_Creditcard_LessThan60_Normal FAILED because (of) Unable to get text of object '' (Root cause: com.kms.katalon.core.webui.exception.WebElementNotFoundException: Web element with id: '' located by 'By.xpath: //h1' not found)]]></system-err>
      </testcase>
      <testcase name="Test Cases/Shop/TC04_Search_VariationProduct_NotSale_AmazonPay_GreaterThan200" classname="Test Cases/Shop/TC04_Search_VariationProduct_NotSale_AmazonPay_GreaterThan200" status="FAILED">
         <failure type="FAILED" message="Unable to click on object 'Object Repository/Page_Shop/drop_chooseOption' (Root cause: com.kms.katalon.core.webui.exception.WebElementNotFoundException: Web element with id: 'Object Repository/Page_Shop/drop_chooseOption' located by 'By.xpath: //select[starts-with(@name,'attribute_pa')]' not found)"/>
         <system-out><![CDATA[2018-09-20 18:58:07 - [TEST_CASE][FAILED] - Test Cases/Shop/TC04_Search_VariationProduct_NotSale_AmazonPay_GreaterThan200: Test Cases/Shop/TC04_Search_VariationProduct_NotSale_AmazonPay_GreaterThan200 FAILED because (of) Unable to click on object 'Object Repository/Page_Shop/drop_chooseOption' (Root cause: com.kms.katalon.core.webui.exception.WebElementNotFoundException: Web element with id: 'Object Repository/Page_Shop/drop_chooseOption' located by 'By.xpath: //select[starts-with(@name,'attribute_pa')]' not found)

2018-09-20 18:58:07 - [TEST_STEP][PASSED] - Statement - productName = VARIATION_PRODUCT: null

2018-09-20 18:58:07 - [TEST_STEP][PASSED] - Statement - price = VARIATION_PRICE1: null

2018-09-20 18:58:08 - [TEST_STEP][PASSED] - Statement - variation = VARIATION_NAME1: null

2018-09-20 18:58:08 - [TEST_STEP][PASSED] - Statement - r_string = new java.lang.Math().random().toString().substring(2, 8): null

2018-09-20 18:58:08 - [TEST_STEP][PASSED] - Statement - email = "auto" + r_string + "@mailinator.com": null

2018-09-20 18:58:08 - [TEST_STEP][PASSED] - Statement - orderNote = "auto" + r_string + "Order": null

2018-09-20 18:58:08 - [TEST_STEP][PASSED] - Statement - currentNumberItemInCart = <not implemented yet for class: org.codehaus.groovy.ast.expr.EmptyExpression>: null

2018-09-20 18:58:08 - [TEST_STEP][PASSED] - Statement - quantity = 8: null

2018-09-20 18:58:08 - [TEST_STEP][PASSED] - Statement - subtotal = CustomKeywords.beautytap.ShopAction.calculateTotal(quantity, price): beautytap.ShopAction.calculateTotal is PASSED

2018-09-20 18:58:08 - [MESSAGE][PASSED] - beautytap.ShopAction.calculateTotal is PASSED

2018-09-20 18:58:08 - [TEST_STEP][PASSED] - Statement - total = subtotal: null

2018-09-20 18:58:08 - [TEST_STEP][PASSED] - Statement - total = CustomKeywords.beautytap.ShopAction.calculateTotal(1, total): beautytap.ShopAction.calculateTotal is PASSED

2018-09-20 18:58:08 - [MESSAGE][PASSED] - beautytap.ShopAction.calculateTotal is PASSED

2018-09-20 18:58:08 - [TEST_STEP][PASSED] - Statement - products = new org.json.JSONArray((((((((([{"productname":" + productName) + ","variation":") + variation) + ","quantity":") + quantity) + ","price":") + price) + "}])): null

2018-09-20 18:58:08 - [TEST_STEP][PASSED] - Statement - billingInformation = new org.json.JSONObject((({"firstname":"Test","lastname":"Automation","country":"United States (US)","address":"123 Testing","city":"New York","state":"New York","zip":"90012","email":" + email) + "})): null

2018-09-20 18:58:08 - [TEST_STEP][PASSED] - Statement - shippingLabel = FREE_EMS_SHIPPING_LABEL: null

2018-09-20 18:58:08 - [TEST_STEP][PASSED] - Statement - shippingPrice = 0: null

2018-09-20 18:58:08 - [TEST_STEP][PASSED] - Statement - shippingType = "freeEMS": null

2018-09-20 18:58:08 - [TEST_STEP][PASSED] - Statement - paymentMethod = "Amazon Pay": null

2018-09-20 18:58:08 - [TEST_STEP][PASSED] - beautytap.GeneralAction.openBeautytap: beautytap.GeneralAction.openBeautytap is PASSED

2018-09-20 18:58:08 - [MESSAGE][WARNING] - A browser is already opened. Closing browser and opening a new one

2018-09-20 18:58:20 - [MESSAGE][PASSED] - Browser is opened with url: 'https://stage.beautytap.com'

2018-09-20 18:58:21 - [MESSAGE][PASSED] - Current window maximized

2018-09-20 18:58:26 - [MESSAGE][PASSED] - Refresh successfully

2018-09-20 18:58:27 - [MESSAGE][PASSED] - Wait for page load successfully

2018-09-20 18:58:27 - [MESSAGE][PASSED] - beautytap.GeneralAction.openBeautytap is PASSED

2018-09-20 18:58:27 - [TEST_STEP][PASSED] - beautytap.ShopAction.globalSearch: beautytap.ShopAction.globalSearch is PASSED

2018-09-20 18:58:27 - [MESSAGE][PASSED] - Object: 'Object Repository/Page_General/icon_search' is clicked on

2018-09-20 18:58:32 - [MESSAGE][PASSED] - Delayed 5 second(s)

2018-09-20 18:58:32 - [MESSAGE][PASSED] - Text of object 'Object Repository/Page_General/txt_search' is cleared

2018-09-20 18:58:32 - [MESSAGE][PASSED] - Keys 'CONTROL + v' sent to object: 'Object Repository/Page_General/txt_search'

2018-09-20 18:58:35 - [MESSAGE][PASSED] - Object 'Object Repository/Page_General/div_searchResult' is present

2018-09-20 18:58:35 - [MESSAGE][PASSED] - beautytap.ShopAction.globalSearch is PASSED

2018-09-20 18:58:35 - [TEST_STEP][PASSED] - beautytap.ShopAction.VerifyProductOnSearchResult: Keyword VerifyProductOnSearchResult is Passed

2018-09-20 18:58:35 - [MESSAGE][PASSED] - Object '' is present

2018-09-20 18:58:35 - [MESSAGE][PASSED] - Text of object '' is: '$26.70'

2018-09-20 18:58:35 - [MESSAGE][PASSED] - Get CSS 'color' value on '' successfully: 'rgba(255, 35, 134, 1)'.

2018-09-20 18:58:35 - [MESSAGE][PASSED] - Get CSS 'color' value on '' successfully: 'rgba(255, 35, 134, 1)'.

2018-09-20 18:58:35 - [MESSAGE][PASSED] - Keyword VerifyProductOnSearchResult is Passed

2018-09-20 18:58:35 - [TEST_STEP][PASSED] - beautytap.ShopAction.selectProductOnSearchResult: beautytap.ShopAction.selectProductOnSearchResult is PASSED

2018-09-20 18:58:38 - [MESSAGE][PASSED] - Object: '' is clicked on

2018-09-20 18:58:38 - [MESSAGE][PASSED] - Wait for page load successfully

2018-09-20 18:58:38 - [MESSAGE][PASSED] - beautytap.ShopAction.selectProductOnSearchResult is PASSED

2018-09-20 18:58:38 - [TEST_STEP][FAILED] - beautytap.ShopAction.selectProductVariation: Unable to click on object 'Object Repository/Page_Shop/drop_chooseOption' (Root cause: com.kms.katalon.core.webui.exception.WebElementNotFoundException: Web element with id: 'Object Repository/Page_Shop/drop_chooseOption' located by 'By.xpath: //select[starts-with(@name,'attribute_pa')]' not found)

2018-09-20 18:59:10 - [MESSAGE][FAILED] - Unable to click on object 'Object Repository/Page_Shop/drop_chooseOption' (Root cause: com.kms.katalon.core.webui.exception.WebElementNotFoundException: Web element with id: 'Object Repository/Page_Shop/drop_chooseOption' located by 'By.xpath: //select[starts-with(@name,'attribute_pa')]' not found)
[[ATTACHMENT|E:\\BeautytapAutomation\\beautytapAuto\\Beautytap\\Reports\\TS1\\20180920_184950\\1537444749815.png]]

2018-09-20 18:59:10 - [MESSAGE][FAILED] - Unable to click on object 'Object Repository/Page_Shop/drop_chooseOption' (Root cause: com.kms.katalon.core.webui.exception.WebElementNotFoundException: Web element with id: 'Object Repository/Page_Shop/drop_chooseOption' located by 'By.xpath: //select[starts-with(@name,'attribute_pa')]' not found)]]></system-out>
         <system-err><![CDATA[2018-09-20 18:58:07 - [TEST_CASE][FAILED] - Test Cases/Shop/TC04_Search_VariationProduct_NotSale_AmazonPay_GreaterThan200: Test Cases/Shop/TC04_Search_VariationProduct_NotSale_AmazonPay_GreaterThan200 FAILED because (of) Unable to click on object 'Object Repository/Page_Shop/drop_chooseOption' (Root cause: com.kms.katalon.core.webui.exception.WebElementNotFoundException: Web element with id: 'Object Repository/Page_Shop/drop_chooseOption' located by 'By.xpath: //select[starts-with(@name,'attribute_pa')]' not found)]]></system-err>
      </testcase>
      <testcase name="Test Cases/Shop/TC05_Browse_SimpleProduct_NotSale_PayPal_GreaterThan60LessThan200" classname="Test Cases/Shop/TC05_Browse_SimpleProduct_NotSale_PayPal_GreaterThan60LessThan200" status="FAILED">
         <failure type="FAILED" message="Unable to get text of object '' (Root cause: com.kms.katalon.core.webui.exception.WebElementNotFoundException: Web element with id: '' located by 'By.xpath: //h1' not found)"/>
         <system-out><![CDATA[2018-09-20 18:59:12 - [TEST_CASE][FAILED] - Test Cases/Shop/TC05_Browse_SimpleProduct_NotSale_PayPal_GreaterThan60LessThan200: Test Cases/Shop/TC05_Browse_SimpleProduct_NotSale_PayPal_GreaterThan60LessThan200 FAILED because (of) Unable to get text of object '' (Root cause: com.kms.katalon.core.webui.exception.WebElementNotFoundException: Web element with id: '' located by 'By.xpath: //h1' not found)

2018-09-20 18:59:12 - [TEST_STEP][PASSED] - Statement - productName = SIMPLE_PRODUCT: null

2018-09-20 18:59:12 - [TEST_STEP][PASSED] - Statement - price = SIMPLE_PRODUCT_PRICE: null

2018-09-20 18:59:12 - [TEST_STEP][PASSED] - Statement - r_string = new java.lang.Math().random().toString().substring(2, 8): null

2018-09-20 18:59:12 - [TEST_STEP][PASSED] - Statement - email = "auto" + r_string + "@mailinator.com": null

2018-09-20 18:59:12 - [TEST_STEP][PASSED] - Statement - orderNote = "auto" + r_string + "Order": null

2018-09-20 18:59:12 - [TEST_STEP][PASSED] - Statement - currentNumberItemInCart = <not implemented yet for class: org.codehaus.groovy.ast.expr.EmptyExpression>: null

2018-09-20 18:59:12 - [TEST_STEP][PASSED] - Statement - quantity = 3: null

2018-09-20 18:59:12 - [TEST_STEP][PASSED] - Statement - subtotal = CustomKeywords.beautytap.ShopAction.calculateTotal(quantity, price): beautytap.ShopAction.calculateTotal is PASSED

2018-09-20 18:59:12 - [MESSAGE][PASSED] - beautytap.ShopAction.calculateTotal is PASSED

2018-09-20 18:59:12 - [TEST_STEP][PASSED] - Statement - total = subtotal: null

2018-09-20 18:59:12 - [TEST_STEP][PASSED] - Statement - total = CustomKeywords.beautytap.ShopAction.calculateTotal(1, total): beautytap.ShopAction.calculateTotal is PASSED

2018-09-20 18:59:12 - [MESSAGE][PASSED] - beautytap.ShopAction.calculateTotal is PASSED

2018-09-20 18:59:12 - [TEST_STEP][PASSED] - Statement - products = new org.json.JSONArray((((((([{"productname":" + productName) + ","variation":"","quantity":") + quantity) + ","price":") + price) + "}])): null

2018-09-20 18:59:12 - [TEST_STEP][PASSED] - Statement - billingInformation = new org.json.JSONObject((({"firstname":"Test","lastname":"Automation","country":"United States (US)","address":"123 Testing","city":"New York","state":"New York","zip":"90012","email":" + email) + "})): null

2018-09-20 18:59:12 - [TEST_STEP][PASSED] - Statement - shippingLabel = FREE_SHIPPING_LABEL: null

2018-09-20 18:59:12 - [TEST_STEP][PASSED] - Statement - shippingPrice = 0: null

2018-09-20 18:59:12 - [TEST_STEP][PASSED] - Statement - shippingType = "free": null

2018-09-20 18:59:12 - [TEST_STEP][PASSED] - Statement - paymentMethod = "PayPal": null

2018-09-20 18:59:12 - [TEST_STEP][PASSED] - Statement - category = "What's New": null

2018-09-20 18:59:12 - [TEST_STEP][PASSED] - beautytap.GeneralAction.openBeautytap: beautytap.GeneralAction.openBeautytap is PASSED

2018-09-20 18:59:12 - [MESSAGE][WARNING] - A browser is already opened. Closing browser and opening a new one

2018-09-20 18:59:25 - [MESSAGE][PASSED] - Browser is opened with url: 'https://stage.beautytap.com'

2018-09-20 18:59:26 - [MESSAGE][PASSED] - Current window maximized

2018-09-20 18:59:30 - [MESSAGE][PASSED] - Refresh successfully

2018-09-20 18:59:30 - [MESSAGE][PASSED] - Wait for page load successfully

2018-09-20 18:59:30 - [MESSAGE][PASSED] - beautytap.GeneralAction.openBeautytap is PASSED

2018-09-20 18:59:30 - [TEST_STEP][PASSED] - beautytap.ShopAction.selectCategory: beautytap.ShopAction.selectCategory is PASSED

2018-09-20 18:59:34 - [MESSAGE][PASSED] - Object: '' is clicked on

2018-09-20 18:59:34 - [MESSAGE][PASSED] - Wait for page load successfully

2018-09-20 18:59:34 - [MESSAGE][PASSED] - beautytap.ShopAction.selectCategory is PASSED

2018-09-20 18:59:34 - [TEST_STEP][PASSED] - beautytap.ShopAction.findProductOnProductList: beautytap.ShopAction.findProductOnProductList is PASSED

2018-09-20 18:59:34 - [MESSAGE][PASSED] - Text of object '' is: '77'

2018-09-20 18:59:39 - [MESSAGE][WARNING] - com.kms.katalon.core.webui.exception.WebElementNotFoundException: Web element with id: '' located by 'By.xpath: //a[text()='La Muse Correct Care Complete Cushion SPF50+']' not found
[[ATTACHMENT|E:\\BeautytapAutomation\\beautytapAuto\\Beautytap\\Reports\\TS1\\20180920_184950\\1537444779517.png]]

2018-09-20 18:59:48 - [MESSAGE][PASSED] - Object: '' is clicked on

2018-09-20 18:59:48 - [MESSAGE][PASSED] - Wait for page load successfully

2018-09-20 18:59:54 - [MESSAGE][WARNING] - com.kms.katalon.core.webui.exception.WebElementNotFoundException: Web element with id: '' located by 'By.xpath: //a[text()='La Muse Correct Care Complete Cushion SPF50+']' not found
[[ATTACHMENT|E:\\BeautytapAutomation\\beautytapAuto\\Beautytap\\Reports\\TS1\\20180920_184950\\1537444793952.png]]

2018-09-20 19:00:03 - [MESSAGE][PASSED] - Object: '' is clicked on

2018-09-20 19:00:04 - [MESSAGE][PASSED] - Wait for page load successfully

2018-09-20 19:00:04 - [MESSAGE][PASSED] - Object '' is present

2018-09-20 19:00:04 - [MESSAGE][PASSED] - beautytap.ShopAction.findProductOnProductList is PASSED

2018-09-20 19:00:04 - [TEST_STEP][PASSED] - beautytap.ShopAction.VerifyProductOnProductList: Keyword VerifyProductOnProductList is Passed

2018-09-20 19:00:04 - [MESSAGE][PASSED] - Object '' is present

2018-09-20 19:00:04 - [MESSAGE][PASSED] - Text of object '' is: '$31.80'

2018-09-20 19:00:04 - [MESSAGE][PASSED] - Get CSS 'color' value on '' successfully: 'rgba(255, 35, 134, 1)'.

2018-09-20 19:00:04 - [MESSAGE][PASSED] - Get CSS 'color' value on '' successfully: 'rgba(255, 35, 134, 1)'.

2018-09-20 19:00:04 - [MESSAGE][PASSED] - Keyword VerifyProductOnProductList is Passed

2018-09-20 19:00:04 - [TEST_STEP][PASSED] - beautytap.ShopAction.selectProductOnProductList: beautytap.ShopAction.selectProductOnProductList is PASSED

2018-09-20 19:00:06 - [MESSAGE][PASSED] - Object: '' is clicked on

2018-09-20 19:00:06 - [MESSAGE][PASSED] - Wait for page load successfully

2018-09-20 19:00:06 - [MESSAGE][PASSED] - beautytap.ShopAction.selectProductOnProductList is PASSED

2018-09-20 19:00:06 - [TEST_STEP][FAILED] - beautytap.ShopAction.VerifyProductDetails: Unable to get text of object '' (Root cause: com.kms.katalon.core.webui.exception.WebElementNotFoundException: Web element with id: '' located by 'By.xpath: //h1' not found)

2018-09-20 19:00:38 - [MESSAGE][FAILED] - Unable to get text of object '' (Root cause: com.kms.katalon.core.webui.exception.WebElementNotFoundException: Web element with id: '' located by 'By.xpath: //h1' not found)
[[ATTACHMENT|E:\\BeautytapAutomation\\beautytapAuto\\Beautytap\\Reports\\TS1\\20180920_184950\\1537444838251.png]]

2018-09-20 19:00:38 - [MESSAGE][FAILED] - Unable to get text of object '' (Root cause: com.kms.katalon.core.webui.exception.WebElementNotFoundException: Web element with id: '' located by 'By.xpath: //h1' not found)]]></system-out>
         <system-err><![CDATA[2018-09-20 18:59:12 - [TEST_CASE][FAILED] - Test Cases/Shop/TC05_Browse_SimpleProduct_NotSale_PayPal_GreaterThan60LessThan200: Test Cases/Shop/TC05_Browse_SimpleProduct_NotSale_PayPal_GreaterThan60LessThan200 FAILED because (of) Unable to get text of object '' (Root cause: com.kms.katalon.core.webui.exception.WebElementNotFoundException: Web element with id: '' located by 'By.xpath: //h1' not found)]]></system-err>
      </testcase>
      <testcase name="Test Cases/Shop/TC06_Browse_VariationProduct_Sale_AmazonPayAtCart_LessThan60_EMS" classname="Test Cases/Shop/TC06_Browse_VariationProduct_Sale_AmazonPayAtCart_LessThan60_EMS" status="FAILED">
         <failure type="FAILED" message="Unable to click on object 'Object Repository/Page_Shop/drop_chooseOption' (Root cause: com.kms.katalon.core.webui.exception.WebElementNotFoundException: Web element with id: 'Object Repository/Page_Shop/drop_chooseOption' located by 'By.xpath: //select[starts-with(@name,'attribute_pa')]' not found)"/>
         <system-out><![CDATA[2018-09-20 19:00:40 - [TEST_CASE][FAILED] - Test Cases/Shop/TC06_Browse_VariationProduct_Sale_AmazonPayAtCart_LessThan60_EMS: Test Cases/Shop/TC06_Browse_VariationProduct_Sale_AmazonPayAtCart_LessThan60_EMS FAILED because (of) Unable to click on object 'Object Repository/Page_Shop/drop_chooseOption' (Root cause: com.kms.katalon.core.webui.exception.WebElementNotFoundException: Web element with id: 'Object Repository/Page_Shop/drop_chooseOption' located by 'By.xpath: //select[starts-with(@name,'attribute_pa')]' not found)

2018-09-20 19:00:40 - [TEST_STEP][PASSED] - Statement - productName = VARIATION_SALE_PRODUCT: null

2018-09-20 19:00:41 - [TEST_STEP][PASSED] - Statement - saleprice = VARIATION_SALE_PRICE1: null

2018-09-20 19:00:41 - [TEST_STEP][PASSED] - Statement - redularprice = VARIATION_SALE_REGULAR_PRICE1: null

2018-09-20 19:00:41 - [TEST_STEP][PASSED] - Statement - variation = VARIATION_SALE_NAME1: null

2018-09-20 19:00:41 - [TEST_STEP][PASSED] - Statement - r_string = new java.lang.Math().random().toString().substring(2, 8): null

2018-09-20 19:00:41 - [TEST_STEP][PASSED] - Statement - email = "auto" + r_string + "@mailinator.com": null

2018-09-20 19:00:41 - [TEST_STEP][PASSED] - Statement - orderNote = "auto" + r_string + "Order": null

2018-09-20 19:00:41 - [TEST_STEP][PASSED] - Statement - currentNumberItemInCart = <not implemented yet for class: org.codehaus.groovy.ast.expr.EmptyExpression>: null

2018-09-20 19:00:41 - [TEST_STEP][PASSED] - Statement - quantity = 5: null

2018-09-20 19:00:41 - [TEST_STEP][PASSED] - Statement - shippingLabel = EMS_SHIPPING_LABEL: null

2018-09-20 19:00:41 - [TEST_STEP][PASSED] - Statement - shippingPrice = EMS_SHIPPING_PRICE: null

2018-09-20 19:00:41 - [TEST_STEP][PASSED] - Statement - subtotal = CustomKeywords.beautytap.ShopAction.calculateTotal(quantity, saleprice): beautytap.ShopAction.calculateTotal is PASSED

2018-09-20 19:00:41 - [MESSAGE][PASSED] - beautytap.ShopAction.calculateTotal is PASSED

2018-09-20 19:00:41 - [TEST_STEP][PASSED] - Statement - total = subtotal + shippingPrice: null

2018-09-20 19:00:41 - [TEST_STEP][PASSED] - Statement - total = CustomKeywords.beautytap.ShopAction.calculateTotal(1, total): beautytap.ShopAction.calculateTotal is PASSED

2018-09-20 19:00:41 - [MESSAGE][PASSED] - beautytap.ShopAction.calculateTotal is PASSED

2018-09-20 19:00:41 - [TEST_STEP][PASSED] - Statement - products = new org.json.JSONArray((((((((([{"productname":" + productName) + ","variation":") + variation) + ","quantity":") + quantity) + ","price":") + saleprice) + "}])): null

2018-09-20 19:00:41 - [TEST_STEP][PASSED] - Statement - billingInformation = new org.json.JSONObject((({"firstname":"Test","lastname":"Automation","country":"United States (US)","address":"123 Testing","city":"New York","state":"New York","zip":"90012","email":" + email) + "})): null

2018-09-20 19:00:41 - [TEST_STEP][PASSED] - Statement - shippingType = "EMS": null

2018-09-20 19:00:41 - [TEST_STEP][PASSED] - Statement - paymentMethod = "Amazon Pay": null

2018-09-20 19:00:41 - [TEST_STEP][PASSED] - Statement - category = "Brands": null

2018-09-20 19:00:41 - [TEST_STEP][PASSED] - Statement - subcategory = "Innisfree": null

2018-09-20 19:00:41 - [TEST_STEP][PASSED] - beautytap.GeneralAction.openBeautytap: beautytap.GeneralAction.openBeautytap is PASSED

2018-09-20 19:00:41 - [MESSAGE][WARNING] - A browser is already opened. Closing browser and opening a new one

2018-09-20 19:00:54 - [MESSAGE][PASSED] - Browser is opened with url: 'https://stage.beautytap.com'

2018-09-20 19:00:55 - [MESSAGE][PASSED] - Current window maximized

2018-09-20 19:00:59 - [MESSAGE][PASSED] - Refresh successfully

2018-09-20 19:00:59 - [MESSAGE][PASSED] - Wait for page load successfully

2018-09-20 19:00:59 - [MESSAGE][PASSED] - beautytap.GeneralAction.openBeautytap is PASSED

2018-09-20 19:00:59 - [TEST_STEP][PASSED] - beautytap.ShopAction.selectCategory: beautytap.ShopAction.selectCategory is PASSED

2018-09-20 19:01:00 - [MESSAGE][PASSED] - Object: '' is clicked on

2018-09-20 19:01:02 - [MESSAGE][PASSED] - Delayed 2 second(s)

2018-09-20 19:01:20 - [MESSAGE][PASSED] - Object: '' is clicked on

2018-09-20 19:01:20 - [MESSAGE][PASSED] - Wait for page load successfully

2018-09-20 19:01:20 - [MESSAGE][PASSED] - beautytap.ShopAction.selectCategory is PASSED

2018-09-20 19:01:20 - [TEST_STEP][PASSED] - beautytap.ShopAction.findProductOnProductList: beautytap.ShopAction.findProductOnProductList is PASSED

2018-09-20 19:01:20 - [MESSAGE][PASSED] - Text of object '' is: '3'

2018-09-20 19:01:26 - [MESSAGE][WARNING] - com.kms.katalon.core.webui.exception.WebElementNotFoundException: Web element with id: '' located by 'By.xpath: //a[text()='Innisfree Eye Contouring Stick Round Shape 0.7g']' not found
[[ATTACHMENT|E:\\BeautytapAutomation\\beautytapAuto\\Beautytap\\Reports\\TS1\\20180920_184950\\1537444885731.png]]

2018-09-20 19:01:41 - [MESSAGE][PASSED] - Object: '' is clicked on

2018-09-20 19:01:41 - [MESSAGE][PASSED] - Wait for page load successfully

2018-09-20 19:01:41 - [MESSAGE][PASSED] - Object '' is present

2018-09-20 19:01:41 - [MESSAGE][PASSED] - beautytap.ShopAction.findProductOnProductList is PASSED

2018-09-20 19:01:41 - [TEST_STEP][PASSED] - beautytap.ShopAction.VerifyProductOnProductList: Keyword VerifyProductOnProductList is Passed

2018-09-20 19:01:41 - [MESSAGE][PASSED] - Object '' is present

2018-09-20 19:01:42 - [MESSAGE][PASSED] - Text of object '' is: '$4.95'

2018-09-20 19:01:42 - [MESSAGE][PASSED] - Get CSS 'color' value on '' successfully: 'rgba(255, 35, 134, 1)'.

2018-09-20 19:01:42 - [MESSAGE][PASSED] - Get CSS 'color' value on '' successfully: 'rgba(255, 35, 134, 1)'.

2018-09-20 19:01:42 - [MESSAGE][PASSED] - Text of object '' is: '$6.50'

2018-09-20 19:01:42 - [MESSAGE][PASSED] - Get CSS 'color' value on '' successfully: 'rgba(255, 35, 134, 1)'.

2018-09-20 19:01:42 - [MESSAGE][PASSED] - Get CSS 'color' value on '' successfully: 'rgba(255, 35, 134, 1)'.

2018-09-20 19:01:42 - [MESSAGE][PASSED] - Keyword VerifyProductOnProductList is Passed

2018-09-20 19:01:42 - [TEST_STEP][PASSED] - beautytap.ShopAction.selectProductOnProductList: beautytap.ShopAction.selectProductOnProductList is PASSED

2018-09-20 19:01:47 - [MESSAGE][PASSED] - Object: '' is clicked on

2018-09-20 19:01:47 - [MESSAGE][PASSED] - Wait for page load successfully

2018-09-20 19:01:47 - [MESSAGE][PASSED] - beautytap.ShopAction.selectProductOnProductList is PASSED

2018-09-20 19:01:47 - [TEST_STEP][FAILED] - beautytap.ShopAction.selectProductVariation: Unable to click on object 'Object Repository/Page_Shop/drop_chooseOption' (Root cause: com.kms.katalon.core.webui.exception.WebElementNotFoundException: Web element with id: 'Object Repository/Page_Shop/drop_chooseOption' located by 'By.xpath: //select[starts-with(@name,'attribute_pa')]' not found)

2018-09-20 19:02:19 - [MESSAGE][FAILED] - Unable to click on object 'Object Repository/Page_Shop/drop_chooseOption' (Root cause: com.kms.katalon.core.webui.exception.WebElementNotFoundException: Web element with id: 'Object Repository/Page_Shop/drop_chooseOption' located by 'By.xpath: //select[starts-with(@name,'attribute_pa')]' not found)
[[ATTACHMENT|E:\\BeautytapAutomation\\beautytapAuto\\Beautytap\\Reports\\TS1\\20180920_184950\\1537444938786.png]]

2018-09-20 19:02:19 - [MESSAGE][FAILED] - Unable to click on object 'Object Repository/Page_Shop/drop_chooseOption' (Root cause: com.kms.katalon.core.webui.exception.WebElementNotFoundException: Web element with id: 'Object Repository/Page_Shop/drop_chooseOption' located by 'By.xpath: //select[starts-with(@name,'attribute_pa')]' not found)]]></system-out>
         <system-err><![CDATA[2018-09-20 19:00:40 - [TEST_CASE][FAILED] - Test Cases/Shop/TC06_Browse_VariationProduct_Sale_AmazonPayAtCart_LessThan60_EMS: Test Cases/Shop/TC06_Browse_VariationProduct_Sale_AmazonPayAtCart_LessThan60_EMS FAILED because (of) Unable to click on object 'Object Repository/Page_Shop/drop_chooseOption' (Root cause: com.kms.katalon.core.webui.exception.WebElementNotFoundException: Web element with id: 'Object Repository/Page_Shop/drop_chooseOption' located by 'By.xpath: //select[starts-with(@name,'attribute_pa')]' not found)]]></system-err>
      </testcase>
      <system-out><![CDATA[2018-09-20 18:49:53 - [TEST_SUITE][FAILED] - TS1: Test Cases/Shop/TC03_Search_SimpleProduct_Sale_Creditcard_LessThan60_Normal FAILED because (of) Unable to get text of object '' (Root cause: com.kms.katalon.core.webui.exception.WebElementNotFoundException: Web element with id: '' located by 'By.xpath: //h1' not found)]]></system-out>
      <system-err><![CDATA[2018-09-20 18:49:53 - [TEST_SUITE][FAILED] - TS1: Test Cases/Shop/TC03_Search_SimpleProduct_Sale_Creditcard_LessThan60_Normal FAILED because (of) Unable to get text of object '' (Root cause: com.kms.katalon.core.webui.exception.WebElementNotFoundException: Web element with id: '' located by 'By.xpath: //h1' not found)]]></system-err>
   </testsuite>
</testsuites>
